[ 2014-03-21T10:08:55+08:00 ] 127.0.0.1 /cdms/index.php/User/login
INFO: [ route_check ] --START--
INFO: CheckRoute Behavior ::run [ RunTime:0.049955s ]
INFO: [ route_check ] --END-- [ RunTime:0.073990s ]
INFO: [ app_begin ] --START--
INFO: ReadHtmlCache Behavior ::run [ RunTime:0.035941s ]
INFO: [ app_begin ] --END-- [ RunTime:0.036366s ]
NOTIC: [8] Undefined index: name D:\Web\wamp\www\cdms\home\Lib\Action\UserAction.class.php 第 10 行.
INFO: [ view_parse ] --START--
INFO: ParseTemplate Behavior ::run [ RunTime:0.183185s ]
INFO: [ view_parse ] --END-- [ RunTime:0.183550s ]
INFO: [ view_filter ] --START--
INFO: ContentReplace Behavior ::run [ RunTime:0.019499s ]
INFO: TokenBuild Behavior ::run [ RunTime:0.008691s ]
INFO: WriteHtmlCache Behavior ::run [ RunTime:0.007849s ]
INFO: ShowRuntime Behavior ::run [ RunTime:0.008651s ]
INFO: [ view_filter ] --END-- [ RunTime:0.045333s ]
INFO: [ view_end ] --START--
INFO: ShowPageTrace Behavior ::run [ RunTime:0.020844s ]
INFO: [ view_end ] --END-- [ RunTime:0.021064s ]

[ 2014-03-21T10:08:55+08:00 ] 127.0.0.1 /cdms/index.php/User/images/Cursor.cur
INFO: [ route_check ] --START--
INFO: CheckRoute Behavior ::run [ RunTime:0.001195s ]
INFO: [ route_check ] --END-- [ RunTime:0.001332s ]
INFO: [ app_begin ] --START--
INFO: ReadHtmlCache Behavior ::run [ RunTime:0.000626s ]
INFO: [ app_begin ] --END-- [ RunTime:0.000754s ]
ERR: 非法操作:images

[ 2014-03-21T10:09:01+08:00 ] 127.0.0.1 /cdms/index.php
INFO: [ app_begin ] --START--
INFO: ReadHtmlCache Behavior ::run [ RunTime:0.000549s ]
INFO: [ app_begin ] --END-- [ RunTime:0.000702s ]
INFO: [ view_parse ] --START--
INFO: ParseTemplate Behavior ::run [ RunTime:0.089834s ]
INFO: [ view_parse ] --END-- [ RunTime:0.090042s ]
INFO: [ view_filter ] --START--
INFO: ContentReplace Behavior ::run [ RunTime:0.001058s ]
INFO: TokenBuild Behavior ::run [ RunTime:0.000799s ]
INFO: WriteHtmlCache Behavior ::run [ RunTime:0.000542s ]
INFO: ShowRuntime Behavior ::run [ RunTime:0.000943s ]
INFO: [ view_filter ] --END-- [ RunTime:0.003882s ]
INFO: [ view_end ] --START--
INFO: ShowPageTrace Behavior ::run [ RunTime:0.001203s ]
INFO: [ view_end ] --END-- [ RunTime:0.001381s ]

[ 2014-03-21T10:20:35+08:00 ] 127.0.0.1 /cdms/index.php/Food/index?food_id=1
INFO: [ route_check ] --START--
INFO: CheckRoute Behavior ::run [ RunTime:0.006194s ]
INFO: [ route_check ] --END-- [ RunTime:0.006334s ]
INFO: [ app_begin ] --START--
INFO: ReadHtmlCache Behavior ::run [ RunTime:0.004849s ]
INFO: [ app_begin ] --END-- [ RunTime:0.004982s ]
SQL: SHOW COLUMNS FROM `think_food` [ RunTime:0.044420s ]
SQL: SHOW COLUMNS FROM `think_user` [ RunTime:0.020829s ]
SQL: SHOW COLUMNS FROM `think_comment` [ RunTime:0.021120s ]
SQL: SELECT * FROM `think_food` WHERE ( `id` = 1 ) LIMIT 1   [ RunTime:0.000451s ]
SQL: SELECT * FROM `think_comment` WHERE ( `food_id` = 1 )  [ RunTime:0.000371s ]
SQL: SELECT * FROM `think_user` WHERE ( `id` = 1 ) LIMIT 1   [ RunTime:0.000270s ]
SQL: SELECT * FROM `think_user` WHERE ( `id` = 3 ) LIMIT 1   [ RunTime:0.000210s ]
SQL: SELECT * FROM `think_user` WHERE ( `id` = 3 ) LIMIT 1   [ RunTime:0.000209s ]
NOTIC: [8] Undefined offset: 3 D:\Web\wamp\www\cdms\home\Lib\Action\FoodAction.class.php 第 29 行.
INFO: [ view_parse ] --START--
INFO: ParseTemplate Behavior ::run [ RunTime:0.065577s ]
INFO: [ view_parse ] --END-- [ RunTime:0.065725s ]
INFO: [ view_filter ] --START--
INFO: ContentReplace Behavior ::run [ RunTime:0.003512s ]
INFO: TokenBuild Behavior ::run [ RunTime:0.003618s ]
INFO: WriteHtmlCache Behavior ::run [ RunTime:0.003532s ]
INFO: ShowRuntime Behavior ::run [ RunTime:0.004212s ]
INFO: [ view_filter ] --END-- [ RunTime:0.015239s ]
INFO: [ view_end ] --START--
INFO: ShowPageTrace Behavior ::run [ RunTime:0.003823s ]
INFO: [ view_end ] --END-- [ RunTime:0.003972s ]

[ 2014-03-21T10:21:54+08:00 ] 127.0.0.1 /cdms/index.php/User/images/Cursor.cur
INFO: [ route_check ] --START--
INFO: CheckRoute Behavior ::run [ RunTime:0.004106s ]
INFO: [ route_check ] --END-- [ RunTime:0.004605s ]
INFO: [ app_begin ] --START--
INFO: ReadHtmlCache Behavior ::run [ RunTime:0.001938s ]
INFO: [ app_begin ] --END-- [ RunTime:0.002458s ]
ERR: 非法操作:images

[ 2014-03-21T10:22:03+08:00 ] 127.0.0.1 /cdms/index.php/User/login
INFO: [ route_check ] --START--
INFO: CheckRoute Behavior ::run [ RunTime:0.001246s ]
INFO: [ route_check ] --END-- [ RunTime:0.001385s ]
INFO: [ app_begin ] --START--
INFO: ReadHtmlCache Behavior ::run [ RunTime:0.001010s ]
INFO: [ app_begin ] --END-- [ RunTime:0.001179s ]
SQL: SHOW COLUMNS FROM `think_user` [ RunTime:0.040676s ]
SQL: SELECT * FROM `think_user` WHERE ( `name` = 'user' ) LIMIT 1   [ RunTime:0.000785s ]
NOTIC: [8] A session had already been started - ignoring session_start() D:\Web\wamp\www\cdms\Common\functions.php 第 566 行.

[ 2014-03-21T10:22:04+08:00 ] 127.0.0.1 /cdms/index.php/
INFO: [ route_check ] --START--
INFO: CheckRoute Behavior ::run [ RunTime:0.001055s ]
INFO: [ route_check ] --END-- [ RunTime:0.001201s ]
INFO: [ app_begin ] --START--
INFO: ReadHtmlCache Behavior ::run [ RunTime:0.000800s ]
INFO: [ app_begin ] --END-- [ RunTime:0.000939s ]
SQL: SHOW COLUMNS FROM `think_user` [ RunTime:0.049067s ]
SQL: SHOW COLUMNS FROM `think_food` [ RunTime:0.028979s ]
SQL: SELECT * FROM `think_user` WHERE ( `id` = 1 ) LIMIT 1   [ RunTime:0.000760s ]
INFO: [ view_parse ] --START--
INFO: ParseTemplate Behavior ::run [ RunTime:0.027894s ]
INFO: [ view_parse ] --END-- [ RunTime:0.028101s ]
INFO: [ view_filter ] --START--
INFO: ContentReplace Behavior ::run [ RunTime:0.000778s ]
INFO: TokenBuild Behavior ::run [ RunTime:0.000768s ]
INFO: WriteHtmlCache Behavior ::run [ RunTime:0.000421s ]
INFO: ShowRuntime Behavior ::run [ RunTime:0.000609s ]
INFO: [ view_filter ] --END-- [ RunTime:0.002997s ]
INFO: [ view_end ] --START--
INFO: ShowPageTrace Behavior ::run [ RunTime:0.000957s ]
INFO: [ view_end ] --END-- [ RunTime:0.001161s ]

[ 2014-03-21T10:22:11+08:00 ] 127.0.0.1 /cdms/index.php/Food/index?food_id=1
INFO: [ route_check ] --START--
INFO: CheckRoute Behavior ::run [ RunTime:0.001250s ]
INFO: [ route_check ] --END-- [ RunTime:0.001410s ]
INFO: [ app_begin ] --START--
INFO: ReadHtmlCache Behavior ::run [ RunTime:0.000713s ]
INFO: [ app_begin ] --END-- [ RunTime:0.000841s ]
SQL: SHOW COLUMNS FROM `think_food` [ RunTime:0.041445s ]
SQL: SHOW COLUMNS FROM `think_user` [ RunTime:0.026419s ]
SQL: SHOW COLUMNS FROM `think_comment` [ RunTime:0.021228s ]
SQL: SELECT * FROM `think_food` WHERE ( `id` = 1 ) LIMIT 1   [ RunTime:0.000431s ]
SQL: SELECT * FROM `think_comment` WHERE ( `food_id` = 1 )  [ RunTime:0.000293s ]
SQL: SELECT * FROM `think_user` WHERE ( `id` = 1 ) LIMIT 1   [ RunTime:0.000150s ]
SQL: SELECT * FROM `think_user` WHERE ( `id` = 3 ) LIMIT 1   [ RunTime:0.000126s ]
SQL: SELECT * FROM `think_user` WHERE ( `id` = 3 ) LIMIT 1   [ RunTime:0.000161s ]
NOTIC: [8] Undefined offset: 3 D:\Web\wamp\www\cdms\home\Lib\Action\FoodAction.class.php 第 29 行.
INFO: [ view_parse ] --START--
INFO: ParseTemplate Behavior ::run [ RunTime:0.008211s ]
INFO: [ view_parse ] --END-- [ RunTime:0.008365s ]
INFO: [ view_filter ] --START--
INFO: ContentReplace Behavior ::run [ RunTime:0.000458s ]
INFO: TokenBuild Behavior ::run [ RunTime:0.000439s ]
INFO: WriteHtmlCache Behavior ::run [ RunTime:0.000638s ]
INFO: ShowRuntime Behavior ::run [ RunTime:0.000804s ]
INFO: [ view_filter ] --END-- [ RunTime:0.002717s ]
INFO: [ view_end ] --START--
INFO: ShowPageTrace Behavior ::run [ RunTime:0.000898s ]
INFO: [ view_end ] --END-- [ RunTime:0.001112s ]

[ 2014-03-21T10:23:14+08:00 ] 127.0.0.1 /cdms/index.php/Food/index?food_id=1
INFO: [ route_check ] --START--
INFO: CheckRoute Behavior ::run [ RunTime:0.001199s ]
INFO: [ route_check ] --END-- [ RunTime:0.001345s ]
INFO: [ app_begin ] --START--
INFO: ReadHtmlCache Behavior ::run [ RunTime:0.000709s ]
INFO: [ app_begin ] --END-- [ RunTime:0.000822s ]
SQL: SHOW COLUMNS FROM `think_food` [ RunTime:0.043178s ]
SQL: SHOW COLUMNS FROM `think_user` [ RunTime:0.022562s ]
SQL: SHOW COLUMNS FROM `think_comment` [ RunTime:0.029908s ]
SQL: SELECT * FROM `think_food` WHERE ( `id` = 1 ) LIMIT 1   [ RunTime:0.000388s ]
SQL: SELECT * FROM `think_user` WHERE ( `id` = 1 ) LIMIT 1   [ RunTime:0.000193s ]
SQL: SELECT * FROM `think_comment` WHERE ( `food_id` = 1 )  [ RunTime:0.000220s ]
SQL: SELECT * FROM `think_user` WHERE ( `id` = 1 ) LIMIT 1   [ RunTime:0.000183s ]
SQL: SELECT * FROM `think_user` WHERE ( `id` = 3 ) LIMIT 1   [ RunTime:0.000175s ]
SQL: SELECT * FROM `think_user` WHERE ( `id` = 3 ) LIMIT 1   [ RunTime:0.000174s ]
NOTIC: [8] Undefined offset: 3 D:\Web\wamp\www\cdms\home\Lib\Action\FoodAction.class.php 第 32 行.
INFO: [ view_parse ] --START--
INFO: ParseTemplate Behavior ::run [ RunTime:0.009333s ]
INFO: [ view_parse ] --END-- [ RunTime:0.009469s ]
INFO: [ view_filter ] --START--
INFO: ContentReplace Behavior ::run [ RunTime:0.000624s ]
INFO: TokenBuild Behavior ::run [ RunTime:0.000615s ]
INFO: WriteHtmlCache Behavior ::run [ RunTime:0.000494s ]
INFO: ShowRuntime Behavior ::run [ RunTime:0.000657s ]
INFO: [ view_filter ] --END-- [ RunTime:0.002659s ]
INFO: [ view_end ] --START--
INFO: ShowPageTrace Behavior ::run [ RunTime:0.000711s ]
INFO: [ view_end ] --END-- [ RunTime:0.000808s ]

[ 2014-03-21T10:39:24+08:00 ] 127.0.0.1 /cdms/
INFO: [ app_begin ] --START--
INFO: ReadHtmlCache Behavior ::run [ RunTime:0.001320s ]
INFO: [ app_begin ] --END-- [ RunTime:0.001554s ]
SQL: SHOW COLUMNS FROM `think_user` [ RunTime:0.041125s ]
SQL: SHOW COLUMNS FROM `think_food` [ RunTime:0.047442s ]
SQL: SELECT * FROM `think_user` WHERE ( `id` = 1 ) LIMIT 1   [ RunTime:0.000791s ]
SQL: SELECT * FROM `think_food` ORDER BY click  [ RunTime:0.000639s ]
INFO: [ view_parse ] --START--
INFO: ParseTemplate Behavior ::run [ RunTime:0.017954s ]
INFO: [ view_parse ] --END-- [ RunTime:0.018111s ]
INFO: [ view_filter ] --START--
INFO: ContentReplace Behavior ::run [ RunTime:0.000703s ]
INFO: TokenBuild Behavior ::run [ RunTime:0.000597s ]
INFO: WriteHtmlCache Behavior ::run [ RunTime:0.000444s ]
INFO: ShowRuntime Behavior ::run [ RunTime:0.000727s ]
INFO: [ view_filter ] --END-- [ RunTime:0.002785s ]
INFO: [ view_end ] --START--
INFO: ShowPageTrace Behavior ::run [ RunTime:0.000940s ]
INFO: [ view_end ] --END-- [ RunTime:0.001045s ]

[ 2014-03-21T10:40:14+08:00 ] 127.0.0.1 /cdms/
INFO: [ app_begin ] --START--
INFO: ReadHtmlCache Behavior ::run [ RunTime:0.001696s ]
INFO: [ app_begin ] --END-- [ RunTime:0.001867s ]
SQL: SHOW COLUMNS FROM `think_user` [ RunTime:0.032283s ]
SQL: SHOW COLUMNS FROM `think_food` [ RunTime:0.025159s ]
SQL: SELECT * FROM `think_user` WHERE ( `id` = 1 ) LIMIT 1   [ RunTime:0.000695s ]
SQL: SELECT * FROM `think_food` ORDER BY click  [ RunTime:0.000579s ]
INFO: [ view_parse ] --START--
INFO: ParseTemplate Behavior ::run [ RunTime:0.025013s ]
INFO: [ view_parse ] --END-- [ RunTime:0.025261s ]
INFO: [ view_filter ] --START--
INFO: ContentReplace Behavior ::run [ RunTime:0.000950s ]
INFO: TokenBuild Behavior ::run [ RunTime:0.000822s ]
INFO: WriteHtmlCache Behavior ::run [ RunTime:0.000717s ]
INFO: ShowRuntime Behavior ::run [ RunTime:0.001153s ]
INFO: [ view_filter ] --END-- [ RunTime:0.003922s ]
INFO: [ view_end ] --START--
INFO: ShowPageTrace Behavior ::run [ RunTime:0.000973s ]
INFO: [ view_end ] --END-- [ RunTime:0.001062s ]

[ 2014-03-21T10:40:31+08:00 ] 127.0.0.1 /cdms/
INFO: [ app_begin ] --START--
INFO: ReadHtmlCache Behavior ::run [ RunTime:0.000821s ]
INFO: [ app_begin ] --END-- [ RunTime:0.000966s ]
SQL: SHOW COLUMNS FROM `think_user` [ RunTime:0.044903s ]
SQL: SHOW COLUMNS FROM `think_food` [ RunTime:0.024805s ]
SQL: SELECT * FROM `think_user` WHERE ( `id` = 1 ) LIMIT 1   [ RunTime:0.000592s ]
SQL: SELECT * FROM `think_food` ORDER BY click DESC  [ RunTime:0.000530s ]
INFO: [ view_parse ] --START--
INFO: ParseTemplate Behavior ::run [ RunTime:0.016614s ]
INFO: [ view_parse ] --END-- [ RunTime:0.016792s ]
INFO: [ view_filter ] --START--
INFO: ContentReplace Behavior ::run [ RunTime:0.000569s ]
INFO: TokenBuild Behavior ::run [ RunTime:0.000458s ]
INFO: WriteHtmlCache Behavior ::run [ RunTime:0.000328s ]
INFO: ShowRuntime Behavior ::run [ RunTime:0.000583s ]
INFO: [ view_filter ] --END-- [ RunTime:0.002195s ]
INFO: [ view_end ] --START--
INFO: ShowPageTrace Behavior ::run [ RunTime:0.000633s ]
INFO: [ view_end ] --END-- [ RunTime:0.000725s ]

[ 2014-03-21T10:44:53+08:00 ] 127.0.0.1 /cdms/
INFO: [ app_begin ] --START--
INFO: ReadHtmlCache Behavior ::run [ RunTime:0.000887s ]
INFO: [ app_begin ] --END-- [ RunTime:0.001102s ]

[ 2014-03-21T10:45:07+08:00 ] 127.0.0.1 /cdms/
INFO: [ app_begin ] --START--
INFO: ReadHtmlCache Behavior ::run [ RunTime:0.000874s ]
INFO: [ app_begin ] --END-- [ RunTime:0.001012s ]
SQL: SHOW COLUMNS FROM `think_user` [ RunTime:0.041814s ]
SQL: SHOW COLUMNS FROM `think_food` [ RunTime:0.026601s ]
SQL: SELECT * FROM `think_user` WHERE ( `id` = 1 ) LIMIT 1   [ RunTime:0.000543s ]
SQL: SELECT * FROM `think_food` ORDER BY click DESC  [ RunTime:0.000379s ]
INFO: [ view_parse ] --START--
INFO: ParseTemplate Behavior ::run [ RunTime:0.016938s ]
INFO: [ view_parse ] --END-- [ RunTime:0.017090s ]
INFO: [ view_filter ] --START--
INFO: ContentReplace Behavior ::run [ RunTime:0.000598s ]
INFO: TokenBuild Behavior ::run [ RunTime:0.000469s ]
INFO: WriteHtmlCache Behavior ::run [ RunTime:0.000388s ]
INFO: ShowRuntime Behavior ::run [ RunTime:0.000553s ]
INFO: [ view_filter ] --END-- [ RunTime:0.002274s ]
INFO: [ view_end ] --START--
INFO: ShowPageTrace Behavior ::run [ RunTime:0.000580s ]
INFO: [ view_end ] --END-- [ RunTime:0.000668s ]

[ 2014-03-21T10:51:26+08:00 ] 127.0.0.1 /cdms/index.php/User/login.html
INFO: [ route_check ] --START--
INFO: CheckRoute Behavior ::run [ RunTime:0.001187s ]
INFO: [ route_check ] --END-- [ RunTime:0.001308s ]
INFO: [ app_begin ] --START--
INFO: ReadHtmlCache Behavior ::run [ RunTime:0.000712s ]
INFO: [ app_begin ] --END-- [ RunTime:0.000820s ]

[ 2014-03-21T10:51:42+08:00 ] 127.0.0.1 /cdms/index.php/User/login.html
INFO: [ route_check ] --START--
INFO: CheckRoute Behavior ::run [ RunTime:0.001460s ]
INFO: [ route_check ] --END-- [ RunTime:0.001644s ]
INFO: [ app_begin ] --START--
INFO: ReadHtmlCache Behavior ::run [ RunTime:0.000947s ]
INFO: [ app_begin ] --END-- [ RunTime:0.001089s ]
NOTIC: [8] Undefined index: name D:\Web\wamp\www\cdms\home\Lib\Action\UserAction.class.php 第 10 行.
INFO: [ view_parse ] --START--
INFO: ParseTemplate Behavior ::run [ RunTime:0.012723s ]
INFO: [ view_parse ] --END-- [ RunTime:0.012936s ]
INFO: [ view_filter ] --START--
INFO: ContentReplace Behavior ::run [ RunTime:0.000625s ]
INFO: TokenBuild Behavior ::run [ RunTime:0.000579s ]
INFO: WriteHtmlCache Behavior ::run [ RunTime:0.000487s ]
INFO: ShowRuntime Behavior ::run [ RunTime:0.000719s ]
INFO: [ view_filter ] --END-- [ RunTime:0.002690s ]
INFO: [ view_end ] --START--
INFO: ShowPageTrace Behavior ::run [ RunTime:0.000939s ]
INFO: [ view_end ] --END-- [ RunTime:0.001068s ]

[ 2014-03-21T10:51:42+08:00 ] 127.0.0.1 /cdms/index.php/User/images/Cursor.cur
INFO: [ route_check ] --START--
INFO: CheckRoute Behavior ::run [ RunTime:0.005333s ]
INFO: [ route_check ] --END-- [ RunTime:0.005705s ]
INFO: [ app_begin ] --START--
INFO: ReadHtmlCache Behavior ::run [ RunTime:0.001894s ]
INFO: [ app_begin ] --END-- [ RunTime:0.002771s ]
ERR: 非法操作:images

[ 2014-03-21T12:08:20+08:00 ] 127.0.0.1 /cdms/index.php/User/regist.html
INFO: [ route_check ] --START--
INFO: CheckRoute Behavior ::run [ RunTime:0.001895s ]
INFO: [ route_check ] --END-- [ RunTime:0.002067s ]
INFO: [ app_begin ] --START--
INFO: ReadHtmlCache Behavior ::run [ RunTime:0.000878s ]
INFO: [ app_begin ] --END-- [ RunTime:0.001017s ]
NOTIC: [8] Undefined index: name D:\Web\wamp\www\cdms\home\Lib\Action\UserAction.class.php 第 35 行.
INFO: [ view_parse ] --START--
INFO: ParseTemplate Behavior ::run [ RunTime:0.045510s ]
INFO: [ view_parse ] --END-- [ RunTime:0.045690s ]
INFO: [ view_filter ] --START--
INFO: ContentReplace Behavior ::run [ RunTime:0.000829s ]
INFO: TokenBuild Behavior ::run [ RunTime:0.000646s ]
INFO: WriteHtmlCache Behavior ::run [ RunTime:0.000405s ]
INFO: ShowRuntime Behavior ::run [ RunTime:0.000634s ]
INFO: [ view_filter ] --END-- [ RunTime:0.002828s ]
INFO: [ view_end ] --START--
INFO: ShowPageTrace Behavior ::run [ RunTime:0.001205s ]
INFO: [ view_end ] --END-- [ RunTime:0.001355s ]

[ 2014-03-21T12:08:20+08:00 ] 127.0.0.1 /cdms/index.php/User/images/Cursor.cur
INFO: [ route_check ] --START--
INFO: CheckRoute Behavior ::run [ RunTime:0.002030s ]
INFO: [ route_check ] --END-- [ RunTime:0.002246s ]
INFO: [ app_begin ] --START--
INFO: ReadHtmlCache Behavior ::run [ RunTime:0.000979s ]
INFO: [ app_begin ] --END-- [ RunTime:0.001218s ]
ERR: 非法操作:images

[ 2014-03-21T12:08:28+08:00 ] 127.0.0.1 /cdms/index.php/User/regist
INFO: [ route_check ] --START--
INFO: CheckRoute Behavior ::run [ RunTime:0.001850s ]
INFO: [ route_check ] --END-- [ RunTime:0.002089s ]
INFO: [ app_begin ] --START--
INFO: ReadHtmlCache Behavior ::run [ RunTime:0.001021s ]
INFO: [ app_begin ] --END-- [ RunTime:0.001216s ]
SQL: SHOW COLUMNS FROM `think_user` [ RunTime:0.052466s ]
SQL: INSERT INTO `think_user` (`name`,`psw`,`email`,`sex`,`icon`,`local`) VALUES ('1','c4ca4238a0b923820dcc509a6f75849b','1',0,0,0) [ RunTime:0.100320s ]
NOTIC: [8] A session had already been started - ignoring session_start() D:\Web\wamp\www\cdms\Common\functions.php 第 566 行.

[ 2014-03-21T12:08:30+08:00 ] 127.0.0.1 /cdms/index.php/
INFO: [ route_check ] --START--
INFO: CheckRoute Behavior ::run [ RunTime:0.001002s ]
INFO: [ route_check ] --END-- [ RunTime:0.001185s ]
INFO: [ app_begin ] --START--
INFO: ReadHtmlCache Behavior ::run [ RunTime:0.000786s ]
INFO: [ app_begin ] --END-- [ RunTime:0.000960s ]
SQL: SHOW COLUMNS FROM `think_user` [ RunTime:0.039783s ]
SQL: SHOW COLUMNS FROM `think_food` [ RunTime:0.031385s ]
SQL: SELECT * FROM `think_food` ORDER BY click DESC  [ RunTime:0.001227s ]
INFO: [ view_parse ] --START--
NOTIC: [8] Undefined variable: user_id D:\Web\wamp\www\cdms\home\Runtime\Cache\80dd983517065d027eae9116806de03a.php 第 168 行.
NOTIC: [8] Undefined variable: user_id D:\Web\wamp\www\cdms\home\Runtime\Cache\80dd983517065d027eae9116806de03a.php 第 183 行.
INFO: ParseTemplate Behavior ::run [ RunTime:0.029602s ]
INFO: [ view_parse ] --END-- [ RunTime:0.029859s ]
INFO: [ view_filter ] --START--
INFO: ContentReplace Behavior ::run [ RunTime:0.000605s ]
INFO: TokenBuild Behavior ::run [ RunTime:0.000531s ]
INFO: WriteHtmlCache Behavior ::run [ RunTime:0.000489s ]
INFO: ShowRuntime Behavior ::run [ RunTime:0.000919s ]
INFO: [ view_filter ] --END-- [ RunTime:0.002950s ]
INFO: [ view_end ] --START--
INFO: ShowPageTrace Behavior ::run [ RunTime:0.000892s ]
INFO: [ view_end ] --END-- [ RunTime:0.001031s ]

[ 2014-03-21T12:09:06+08:00 ] 127.0.0.1 /cdms/index.php/User/login.html
INFO: [ route_check ] --START--
INFO: CheckRoute Behavior ::run [ RunTime:0.001571s ]
INFO: [ route_check ] --END-- [ RunTime:0.001770s ]
INFO: [ app_begin ] --START--
INFO: ReadHtmlCache Behavior ::run [ RunTime:0.001006s ]
INFO: [ app_begin ] --END-- [ RunTime:0.001258s ]
NOTIC: [8] Undefined index: name D:\Web\wamp\www\cdms\home\Lib\Action\UserAction.class.php 第 10 行.
INFO: [ view_parse ] --START--
INFO: ParseTemplate Behavior ::run [ RunTime:0.011508s ]
INFO: [ view_parse ] --END-- [ RunTime:0.011703s ]
INFO: [ view_filter ] --START--
INFO: ContentReplace Behavior ::run [ RunTime:0.000379s ]
INFO: TokenBuild Behavior ::run [ RunTime:0.000346s ]
INFO: WriteHtmlCache Behavior ::run [ RunTime:0.000273s ]
INFO: ShowRuntime Behavior ::run [ RunTime:0.000448s ]
INFO: [ view_filter ] --END-- [ RunTime:0.001698s ]
INFO: [ view_end ] --START--
INFO: ShowPageTrace Behavior ::run [ RunTime:0.000496s ]
INFO: [ view_end ] --END-- [ RunTime:0.000591s ]

[ 2014-03-21T12:09:06+08:00 ] 127.0.0.1 /cdms/index.php/User/images/Cursor.cur
INFO: [ route_check ] --START--
INFO: CheckRoute Behavior ::run [ RunTime:0.002868s ]
INFO: [ route_check ] --END-- [ RunTime:0.003318s ]
INFO: [ app_begin ] --START--
INFO: ReadHtmlCache Behavior ::run [ RunTime:0.001900s ]
INFO: [ app_begin ] --END-- [ RunTime:0.002450s ]
ERR: 非法操作:images

[ 2014-03-21T12:09:09+08:00 ] 127.0.0.1 /cdms/index.php/User/login
INFO: [ route_check ] --START--
INFO: CheckRoute Behavior ::run [ RunTime:0.000910s ]
INFO: [ route_check ] --END-- [ RunTime:0.001038s ]
INFO: [ app_begin ] --START--
INFO: ReadHtmlCache Behavior ::run [ RunTime:0.000578s ]
INFO: [ app_begin ] --END-- [ RunTime:0.000713s ]
SQL: SHOW COLUMNS FROM `think_user` [ RunTime:0.041825s ]
SQL: SELECT * FROM `think_user` WHERE ( `name` = '1' ) LIMIT 1   [ RunTime:0.000800s ]
NOTIC: [8] A session had already been started - ignoring session_start() D:\Web\wamp\www\cdms\Common\functions.php 第 566 行.

[ 2014-03-21T12:09:10+08:00 ] 127.0.0.1 /cdms/index.php/
INFO: [ route_check ] --START--
INFO: CheckRoute Behavior ::run [ RunTime:0.000743s ]
INFO: [ route_check ] --END-- [ RunTime:0.000879s ]
INFO: [ app_begin ] --START--
INFO: ReadHtmlCache Behavior ::run [ RunTime:0.000580s ]
INFO: [ app_begin ] --END-- [ RunTime:0.000733s ]
SQL: SHOW COLUMNS FROM `think_user` [ RunTime:0.041746s ]
SQL: SHOW COLUMNS FROM `think_food` [ RunTime:0.034382s ]
SQL: SELECT * FROM `think_user` WHERE ( `id` = 4 ) LIMIT 1   [ RunTime:0.001302s ]
SQL: SELECT * FROM `think_food` ORDER BY click DESC  [ RunTime:0.001236s ]
INFO: [ view_parse ] --START--
INFO: ParseTemplate Behavior ::run [ RunTime:0.025932s ]
INFO: [ view_parse ] --END-- [ RunTime:0.026297s ]
INFO: [ view_filter ] --START--
INFO: ContentReplace Behavior ::run [ RunTime:0.000821s ]
INFO: TokenBuild Behavior ::run [ RunTime:0.000633s ]
INFO: WriteHtmlCache Behavior ::run [ RunTime:0.000499s ]
INFO: ShowRuntime Behavior ::run [ RunTime:0.000970s ]
INFO: [ view_filter ] --END-- [ RunTime:0.003493s ]
INFO: [ view_end ] --START--
INFO: ShowPageTrace Behavior ::run [ RunTime:0.001006s ]
INFO: [ view_end ] --END-- [ RunTime:0.001234s ]

[ 2014-03-21T12:10:14+08:00 ] 127.0.0.1 /cdms/index.php/User/images/Cursor.cur
INFO: [ route_check ] --START--
INFO: CheckRoute Behavior ::run [ RunTime:0.001866s ]
INFO: [ route_check ] --END-- [ RunTime:0.002127s ]
INFO: [ app_begin ] --START--
INFO: ReadHtmlCache Behavior ::run [ RunTime:0.001819s ]
INFO: [ app_begin ] --END-- [ RunTime:0.002321s ]
ERR: 非法操作:images

[ 2014-03-21T12:10:15+08:00 ] 127.0.0.1 /cdms/index.php/User/regist.html
INFO: [ route_check ] --START--
INFO: CheckRoute Behavior ::run [ RunTime:0.001286s ]
INFO: [ route_check ] --END-- [ RunTime:0.001441s ]
INFO: [ app_begin ] --START--
INFO: ReadHtmlCache Behavior ::run [ RunTime:0.001063s ]
INFO: [ app_begin ] --END-- [ RunTime:0.001244s ]
NOTIC: [8] Undefined index: name D:\Web\wamp\www\cdms\home\Lib\Action\UserAction.class.php 第 35 行.
INFO: [ view_parse ] --START--
INFO: ParseTemplate Behavior ::run [ RunTime:0.011072s ]
INFO: [ view_parse ] --END-- [ RunTime:0.011301s ]
INFO: [ view_filter ] --START--
INFO: ContentReplace Behavior ::run [ RunTime:0.000392s ]
INFO: TokenBuild Behavior ::run [ RunTime:0.000411s ]
INFO: WriteHtmlCache Behavior ::run [ RunTime:0.000284s ]
INFO: ShowRuntime Behavior ::run [ RunTime:0.000748s ]
INFO: [ view_filter ] --END-- [ RunTime:0.002407s ]
INFO: [ view_end ] --START--
INFO: ShowPageTrace Behavior ::run [ RunTime:0.003719s ]
INFO: [ view_end ] --END-- [ RunTime:0.004261s ]

[ 2014-03-21T12:10:16+08:00 ] 127.0.0.1 /cdms/index.php/User/images/Cursor.cur
INFO: [ route_check ] --START--
INFO: CheckRoute Behavior ::run [ RunTime:0.001131s ]
INFO: [ route_check ] --END-- [ RunTime:0.001271s ]
INFO: [ app_begin ] --START--
INFO: ReadHtmlCache Behavior ::run [ RunTime:0.000596s ]
INFO: [ app_begin ] --END-- [ RunTime:0.000722s ]
ERR: 非法操作:images

[ 2014-03-21T12:10:25+08:00 ] 127.0.0.1 /cdms/index.php/User/regist
INFO: [ route_check ] --START--
INFO: CheckRoute Behavior ::run [ RunTime:0.001520s ]
INFO: [ route_check ] --END-- [ RunTime:0.001643s ]
INFO: [ app_begin ] --START--
INFO: ReadHtmlCache Behavior ::run [ RunTime:0.000738s ]
INFO: [ app_begin ] --END-- [ RunTime:0.000862s ]
SQL: SHOW COLUMNS FROM `think_user` [ RunTime:0.036342s ]
SQL: INSERT INTO `think_user` (`name`,`psw`,`email`,`sex`,`icon`,`local`) VALUES ('12','c4ca4238a0b923820dcc509a6f75849b','1',0,0,0) [ RunTime:0.100131s ]
NOTIC: [8] A session had already been started - ignoring session_start() D:\Web\wamp\www\cdms\Common\functions.php 第 566 行.

[ 2014-03-21T12:11:32+08:00 ] 127.0.0.1 /cdms/index.php/User/regist
INFO: [ route_check ] --START--
INFO: CheckRoute Behavior ::run [ RunTime:0.001883s ]
INFO: [ route_check ] --END-- [ RunTime:0.002095s ]
INFO: [ app_begin ] --START--
INFO: ReadHtmlCache Behavior ::run [ RunTime:0.001055s ]
INFO: [ app_begin ] --END-- [ RunTime:0.001232s ]
SQL: SHOW COLUMNS FROM `think_user` [ RunTime:0.044795s ]
SQL: INSERT INTO `think_user` (`name`,`psw`,`email`,`sex`,`icon`,`local`) VALUES ('12','c4ca4238a0b923820dcc509a6f75849b','1',0,'/cdms/Public/images/boy.jpg',0) [ RunTime:0.439952s ]
NOTIC: [8] A session had already been started - ignoring session_start() D:\Web\wamp\www\cdms\Common\functions.php 第 566 行.

[ 2014-03-21T12:12:29+08:00 ] 127.0.0.1 /cdms/index.php/User/regist
INFO: [ route_check ] --START--
INFO: CheckRoute Behavior ::run [ RunTime:0.001303s ]
INFO: [ route_check ] --END-- [ RunTime:0.001448s ]
INFO: [ app_begin ] --START--
INFO: ReadHtmlCache Behavior ::run [ RunTime:0.000644s ]
INFO: [ app_begin ] --END-- [ RunTime:0.000788s ]
SQL: SHOW COLUMNS FROM `think_user` [ RunTime:0.045505s ]
SQL: INSERT INTO `think_user` (`name`,`psw`,`email`,`sex`,`icon`,`local`) VALUES ('12','c4ca4238a0b923820dcc509a6f75849b','1',0,'/cdms/Public/images/boy.jpg',0) [ RunTime:1.365581s ]
NOTIC: [8] A session had already been started - ignoring session_start() D:\Web\wamp\www\cdms\Common\functions.php 第 566 行.

[ 2014-03-21T12:12:30+08:00 ] 127.0.0.1 /cdms/index.php/
INFO: [ route_check ] --START--
INFO: CheckRoute Behavior ::run [ RunTime:0.001070s ]
INFO: [ route_check ] --END-- [ RunTime:0.001273s ]
INFO: [ app_begin ] --START--
INFO: ReadHtmlCache Behavior ::run [ RunTime:0.000819s ]
INFO: [ app_begin ] --END-- [ RunTime:0.001025s ]
SQL: SHOW COLUMNS FROM `think_user` [ RunTime:0.033644s ]
SQL: SHOW COLUMNS FROM `think_food` [ RunTime:0.033135s ]
SQL: SELECT * FROM `think_user` WHERE ( `id` = 7 ) LIMIT 1   [ RunTime:0.000748s ]
SQL: SELECT * FROM `think_food` ORDER BY click DESC  [ RunTime:0.000954s ]
INFO: [ view_parse ] --START--
INFO: ParseTemplate Behavior ::run [ RunTime:0.029104s ]
INFO: [ view_parse ] --END-- [ RunTime:0.029418s ]
INFO: [ view_filter ] --START--
INFO: ContentReplace Behavior ::run [ RunTime:0.000594s ]
INFO: TokenBuild Behavior ::run [ RunTime:0.000434s ]
INFO: WriteHtmlCache Behavior ::run [ RunTime:0.000331s ]
INFO: ShowRuntime Behavior ::run [ RunTime:0.000513s ]
INFO: [ view_filter ] --END-- [ RunTime:0.002139s ]
INFO: [ view_end ] --START--
INFO: ShowPageTrace Behavior ::run [ RunTime:0.000631s ]
INFO: [ view_end ] --END-- [ RunTime:0.000743s ]

[ 2014-03-21T12:29:07+08:00 ] 127.0.0.1 /cdms/index.php/User/images/Cursor.cur
INFO: [ route_check ] --START--
INFO: CheckRoute Behavior ::run [ RunTime:0.002897s ]
INFO: [ route_check ] --END-- [ RunTime:0.003184s ]
INFO: [ app_begin ] --START--
INFO: ReadHtmlCache Behavior ::run [ RunTime:0.001292s ]
INFO: [ app_begin ] --END-- [ RunTime:0.001556s ]
ERR: 非法操作:images

[ 2014-03-21T12:29:14+08:00 ] 127.0.0.1 /cdms/index.php/User/regist
INFO: [ route_check ] --START--
INFO: CheckRoute Behavior ::run [ RunTime:0.001761s ]
INFO: [ route_check ] --END-- [ RunTime:0.001979s ]
INFO: [ app_begin ] --START--
INFO: ReadHtmlCache Behavior ::run [ RunTime:0.001180s ]
INFO: [ app_begin ] --END-- [ RunTime:0.001411s ]
SQL: SHOW COLUMNS FROM `think_user` [ RunTime:0.033657s ]
SQL: INSERT INTO `think_user` (`name`,`psw`,`email`,`sex`,`icon`,`local`) VALUES ('3','eccbc87e4b5ce2fe28308fd9f2a7baf3','3',0,'/cdms/Public/images/boy.jpg',0) [ RunTime:0.099922s ]
NOTIC: [8] A session had already been started - ignoring session_start() D:\Web\wamp\www\cdms\Common\functions.php 第 566 行.

[ 2014-03-21T12:29:30+08:00 ] 127.0.0.1 /cdms/index.php/User/regist
INFO: [ route_check ] --START--
INFO: CheckRoute Behavior ::run [ RunTime:0.001263s ]
INFO: [ route_check ] --END-- [ RunTime:0.001403s ]
INFO: [ app_begin ] --START--
INFO: ReadHtmlCache Behavior ::run [ RunTime:0.000748s ]
INFO: [ app_begin ] --END-- [ RunTime:0.000875s ]
SQL: SHOW COLUMNS FROM `think_user` [ RunTime:0.046423s ]
SQL: INSERT INTO `think_user` (`name`,`psw`,`email`,`sex`,`icon`,`local`) VALUES ('3','eccbc87e4b5ce2fe28308fd9f2a7baf3','3',0,'/cdms/Public/images/boy.jpg',0) [ RunTime:0.089459s ]
NOTIC: [8] A session had already been started - ignoring session_start() D:\Web\wamp\www\cdms\Common\functions.php 第 566 行.

[ 2014-03-21T12:29:31+08:00 ] 127.0.0.1 /cdms/index.php/
INFO: [ route_check ] --START--
INFO: CheckRoute Behavior ::run [ RunTime:0.001355s ]
INFO: [ route_check ] --END-- [ RunTime:0.001543s ]
INFO: [ app_begin ] --START--
INFO: ReadHtmlCache Behavior ::run [ RunTime:0.000882s ]
INFO: [ app_begin ] --END-- [ RunTime:0.001034s ]
SQL: SHOW COLUMNS FROM `think_user` [ RunTime:0.039534s ]
SQL: SHOW COLUMNS FROM `think_food` [ RunTime:0.024375s ]
SQL: SELECT * FROM `think_user` WHERE ( `id` = 9 ) LIMIT 1   [ RunTime:0.000503s ]
SQL: SELECT * FROM `think_food` ORDER BY click DESC  [ RunTime:0.000483s ]
INFO: [ view_parse ] --START--
INFO: ParseTemplate Behavior ::run [ RunTime:0.021268s ]
INFO: [ view_parse ] --END-- [ RunTime:0.021480s ]
INFO: [ view_filter ] --START--
INFO: ContentReplace Behavior ::run [ RunTime:0.001025s ]
INFO: TokenBuild Behavior ::run [ RunTime:0.000655s ]
INFO: WriteHtmlCache Behavior ::run [ RunTime:0.000482s ]
INFO: ShowRuntime Behavior ::run [ RunTime:0.000687s ]
INFO: [ view_filter ] --END-- [ RunTime:0.003244s ]
INFO: [ view_end ] --START--
INFO: ShowPageTrace Behavior ::run [ RunTime:0.000904s ]
INFO: [ view_end ] --END-- [ RunTime:0.001033s ]

[ 2014-03-21T12:29:50+08:00 ] 127.0.0.1 /cdms/index.php/User/regist
INFO: [ route_check ] --START--
INFO: CheckRoute Behavior ::run [ RunTime:0.001929s ]
INFO: [ route_check ] --END-- [ RunTime:0.002154s ]
INFO: [ app_begin ] --START--
INFO: ReadHtmlCache Behavior ::run [ RunTime:0.001230s ]
INFO: [ app_begin ] --END-- [ RunTime:0.001441s ]
NOTIC: [8] Undefined index: name D:\Web\wamp\www\cdms\home\Lib\Action\UserAction.class.php 第 35 行.
INFO: [ view_parse ] --START--
INFO: ParseTemplate Behavior ::run [ RunTime:0.013271s ]
INFO: [ view_parse ] --END-- [ RunTime:0.013512s ]
INFO: [ view_filter ] --START--
INFO: ContentReplace Behavior ::run [ RunTime:0.000673s ]
INFO: TokenBuild Behavior ::run [ RunTime:0.000775s ]
INFO: WriteHtmlCache Behavior ::run [ RunTime:0.001034s ]
INFO: ShowRuntime Behavior ::run [ RunTime:0.000884s ]
INFO: [ view_filter ] --END-- [ RunTime:0.003821s ]
INFO: [ view_end ] --START--
INFO: ShowPageTrace Behavior ::run [ RunTime:0.000974s ]
INFO: [ view_end ] --END-- [ RunTime:0.001118s ]

[ 2014-03-21T12:29:50+08:00 ] 127.0.0.1 /cdms/index.php/User/images/Cursor.cur
INFO: [ route_check ] --START--
INFO: CheckRoute Behavior ::run [ RunTime:0.001437s ]
INFO: [ route_check ] --END-- [ RunTime:0.001650s ]
INFO: [ app_begin ] --START--
INFO: ReadHtmlCache Behavior ::run [ RunTime:0.001016s ]
INFO: [ app_begin ] --END-- [ RunTime:0.001207s ]
ERR: 非法操作:images

[ 2014-03-21T12:29:56+08:00 ] 127.0.0.1 /cdms/index.php/User/regist
INFO: [ route_check ] --START--
INFO: CheckRoute Behavior ::run [ RunTime:0.001183s ]
INFO: [ route_check ] --END-- [ RunTime:0.001350s ]
INFO: [ app_begin ] --START--
INFO: ReadHtmlCache Behavior ::run [ RunTime:0.000823s ]
INFO: [ app_begin ] --END-- [ RunTime:0.001009s ]
SQL: SHOW COLUMNS FROM `think_user` [ RunTime:0.045409s ]
SQL: INSERT INTO `think_user` (`name`,`psw`,`email`,`sex`,`icon`,`local`) VALUES ('3','eccbc87e4b5ce2fe28308fd9f2a7baf3','3',0,'/cdms/Public/images/boy.jpg',0) [ RunTime:0.145697s ]
NOTIC: [8] A session had already been started - ignoring session_start() D:\Web\wamp\www\cdms\Common\functions.php 第 566 行.

[ 2014-03-21T12:29:57+08:00 ] 127.0.0.1 /cdms/index.php/
INFO: [ route_check ] --START--
INFO: CheckRoute Behavior ::run [ RunTime:0.001422s ]
INFO: [ route_check ] --END-- [ RunTime:0.001635s ]
INFO: [ app_begin ] --START--
INFO: ReadHtmlCache Behavior ::run [ RunTime:0.001119s ]
INFO: [ app_begin ] --END-- [ RunTime:0.001351s ]
SQL: SHOW COLUMNS FROM `think_user` [ RunTime:0.061355s ]
SQL: SHOW COLUMNS FROM `think_food` [ RunTime:0.026276s ]
SQL: SELECT * FROM `think_user` WHERE ( `id` = 10 ) LIMIT 1   [ RunTime:0.000541s ]
SQL: SELECT * FROM `think_food` ORDER BY click DESC  [ RunTime:0.000582s ]
INFO: [ view_parse ] --START--
INFO: ParseTemplate Behavior ::run [ RunTime:0.023663s ]
INFO: [ view_parse ] --END-- [ RunTime:0.023900s ]
INFO: [ view_filter ] --START--
INFO: ContentReplace Behavior ::run [ RunTime:0.000609s ]
INFO: TokenBuild Behavior ::run [ RunTime:0.000495s ]
INFO: WriteHtmlCache Behavior ::run [ RunTime:0.000373s ]
INFO: ShowRuntime Behavior ::run [ RunTime:0.000595s ]
INFO: [ view_filter ] --END-- [ RunTime:0.002391s ]
INFO: [ view_end ] --START--
INFO: ShowPageTrace Behavior ::run [ RunTime:0.000637s ]
INFO: [ view_end ] --END-- [ RunTime:0.000747s ]

[ 2014-03-21T12:31:01+08:00 ] 127.0.0.1 /cdms/index.php/User/regist
INFO: [ route_check ] --START--
INFO: CheckRoute Behavior ::run [ RunTime:0.001471s ]
INFO: [ route_check ] --END-- [ RunTime:0.001678s ]
INFO: [ app_begin ] --START--
INFO: ReadHtmlCache Behavior ::run [ RunTime:0.001103s ]
INFO: [ app_begin ] --END-- [ RunTime:0.001300s ]
NOTIC: [8] Undefined index: name D:\Web\wamp\www\cdms\home\Lib\Action\UserAction.class.php 第 35 行.
INFO: [ view_parse ] --START--
INFO: ParseTemplate Behavior ::run [ RunTime:0.008397s ]
INFO: [ view_parse ] --END-- [ RunTime:0.008548s ]
INFO: [ view_filter ] --START--
INFO: ContentReplace Behavior ::run [ RunTime:0.000551s ]
INFO: TokenBuild Behavior ::run [ RunTime:0.000487s ]
INFO: WriteHtmlCache Behavior ::run [ RunTime:0.000360s ]
INFO: ShowRuntime Behavior ::run [ RunTime:0.000572s ]
INFO: [ view_filter ] --END-- [ RunTime:0.002230s ]
INFO: [ view_end ] --START--
INFO: ShowPageTrace Behavior ::run [ RunTime:0.000645s ]
INFO: [ view_end ] --END-- [ RunTime:0.000735s ]

[ 2014-03-21T12:31:01+08:00 ] 127.0.0.1 /cdms/index.php/User/images/Cursor.cur
INFO: [ route_check ] --START--
INFO: CheckRoute Behavior ::run [ RunTime:0.001868s ]
INFO: [ route_check ] --END-- [ RunTime:0.002094s ]
INFO: [ app_begin ] --START--
INFO: ReadHtmlCache Behavior ::run [ RunTime:0.001111s ]
INFO: [ app_begin ] --END-- [ RunTime:0.001363s ]
ERR: 非法操作:images

[ 2014-03-21T12:31:04+08:00 ] 127.0.0.1 /cdms/index.php/User/regist
INFO: [ route_check ] --START--
INFO: CheckRoute Behavior ::run [ RunTime:0.001830s ]
INFO: [ route_check ] --END-- [ RunTime:0.002085s ]
INFO: [ app_begin ] --START--
INFO: ReadHtmlCache Behavior ::run [ RunTime:0.001135s ]
INFO: [ app_begin ] --END-- [ RunTime:0.001339s ]
SQL: SHOW COLUMNS FROM `think_user` [ RunTime:0.046129s ]
SQL: INSERT INTO `think_user` (`name`,`psw`,`email`,`sex`,`icon`,`local`) VALUES ('3','e4da3b7fbbce2345d7772b0674a318d5','3',0,'/cdms/Public/images/boy.jpg',0) [ RunTime:0.100749s ]
NOTIC: [8] A session had already been started - ignoring session_start() D:\Web\wamp\www\cdms\Common\functions.php 第 566 行.

[ 2014-03-21T12:31:04+08:00 ] 127.0.0.1 /cdms/index.php/index.html
INFO: [ route_check ] --START--
INFO: CheckRoute Behavior ::run [ RunTime:0.000916s ]
INFO: [ route_check ] --END-- [ RunTime:0.001077s ]
INFO: [ app_begin ] --START--
INFO: ReadHtmlCache Behavior ::run [ RunTime:0.000752s ]
INFO: [ app_begin ] --END-- [ RunTime:0.000886s ]
ERR: 无法加载模块:index

[ 2014-03-21T12:31:21+08:00 ] 127.0.0.1 /cdms/index.php/index.html
INFO: [ route_check ] --START--
INFO: CheckRoute Behavior ::run [ RunTime:0.001844s ]
INFO: [ route_check ] --END-- [ RunTime:0.002092s ]
INFO: [ app_begin ] --START--
INFO: ReadHtmlCache Behavior ::run [ RunTime:0.001129s ]
INFO: [ app_begin ] --END-- [ RunTime:0.001329s ]
ERR: 无法加载模块:index

[ 2014-03-21T12:31:23+08:00 ] 127.0.0.1 /cdms/index.php/User/regist
INFO: [ route_check ] --START--
INFO: CheckRoute Behavior ::run [ RunTime:0.001676s ]
INFO: [ route_check ] --END-- [ RunTime:0.001894s ]
INFO: [ app_begin ] --START--
INFO: ReadHtmlCache Behavior ::run [ RunTime:0.001105s ]
INFO: [ app_begin ] --END-- [ RunTime:0.001294s ]
NOTIC: [8] Undefined index: name D:\Web\wamp\www\cdms\home\Lib\Action\UserAction.class.php 第 35 行.
INFO: [ view_parse ] --START--
INFO: ParseTemplate Behavior ::run [ RunTime:0.010654s ]
INFO: [ view_parse ] --END-- [ RunTime:0.010829s ]
INFO: [ view_filter ] --START--
INFO: ContentReplace Behavior ::run [ RunTime:0.000534s ]
INFO: TokenBuild Behavior ::run [ RunTime:0.000486s ]
INFO: WriteHtmlCache Behavior ::run [ RunTime:0.000372s ]
INFO: ShowRuntime Behavior ::run [ RunTime:0.000551s ]
INFO: [ view_filter ] --END-- [ RunTime:0.002209s ]
INFO: [ view_end ] --START--
INFO: ShowPageTrace Behavior ::run [ RunTime:0.000612s ]
INFO: [ view_end ] --END-- [ RunTime:0.000707s ]

[ 2014-03-21T12:31:23+08:00 ] 127.0.0.1 /cdms/index.php/User/images/Cursor.cur
INFO: [ route_check ] --START--
INFO: CheckRoute Behavior ::run [ RunTime:0.001813s ]
INFO: [ route_check ] --END-- [ RunTime:0.002034s ]
INFO: [ app_begin ] --START--
INFO: ReadHtmlCache Behavior ::run [ RunTime:0.001106s ]
INFO: [ app_begin ] --END-- [ RunTime:0.001346s ]
ERR: 非法操作:images

[ 2014-03-21T12:31:26+08:00 ] 127.0.0.1 /cdms/index.php/User/regist
INFO: [ route_check ] --START--
INFO: CheckRoute Behavior ::run [ RunTime:0.001037s ]
INFO: [ route_check ] --END-- [ RunTime:0.001188s ]
INFO: [ app_begin ] --START--
INFO: ReadHtmlCache Behavior ::run [ RunTime:0.000716s ]
INFO: [ app_begin ] --END-- [ RunTime:0.000847s ]
SQL: SHOW COLUMNS FROM `think_user` [ RunTime:0.050995s ]
SQL: INSERT INTO `think_user` (`name`,`psw`,`email`,`sex`,`icon`,`local`) VALUES ('3','49ae49a23f67c759bf4fc791ba842aa2','3',0,'/cdms/Public/images/boy.jpg',0) [ RunTime:0.096993s ]
NOTIC: [8] A session had already been started - ignoring session_start() D:\Web\wamp\www\cdms\Common\functions.php 第 566 行.

[ 2014-03-21T12:31:27+08:00 ] 127.0.0.1 /cdms/index.php/User/regist
INFO: [ route_check ] --START--
INFO: CheckRoute Behavior ::run [ RunTime:0.001352s ]
INFO: [ route_check ] --END-- [ RunTime:0.001524s ]
INFO: [ app_begin ] --START--
INFO: ReadHtmlCache Behavior ::run [ RunTime:0.000796s ]
INFO: [ app_begin ] --END-- [ RunTime:0.000956s ]
SQL: SHOW COLUMNS FROM `think_user` [ RunTime:0.038167s ]
SQL: INSERT INTO `think_user` (`name`,`psw`,`email`,`sex`,`icon`,`local`) VALUES ('3','49ae49a23f67c759bf4fc791ba842aa2','3',0,'/cdms/Public/images/boy.jpg',0) [ RunTime:0.098497s ]
NOTIC: [8] A session had already been started - ignoring session_start() D:\Web\wamp\www\cdms\Common\functions.php 第 566 行.

[ 2014-03-21T12:31:27+08:00 ] 127.0.0.1 /cdms/index.php/index/index.html
INFO: [ route_check ] --START--
INFO: CheckRoute Behavior ::run [ RunTime:0.001107s ]
INFO: [ route_check ] --END-- [ RunTime:0.001240s ]
INFO: [ app_begin ] --START--
INFO: ReadHtmlCache Behavior ::run [ RunTime:0.000704s ]
INFO: [ app_begin ] --END-- [ RunTime:0.000846s ]
ERR: 无法加载模块:index

[ 2014-03-21T12:32:06+08:00 ] 127.0.0.1 /cdms/index.php
INFO: [ app_begin ] --START--
INFO: ReadHtmlCache Behavior ::run [ RunTime:0.001101s ]
INFO: [ app_begin ] --END-- [ RunTime:0.001346s ]
SQL: SHOW COLUMNS FROM `think_user` [ RunTime:0.043795s ]
SQL: SHOW COLUMNS FROM `think_food` [ RunTime:0.024836s ]
SQL: SELECT * FROM `think_user` WHERE ( `id` = 13 ) LIMIT 1   [ RunTime:0.000516s ]
SQL: SELECT * FROM `think_food` ORDER BY click DESC  [ RunTime:0.000349s ]
INFO: [ view_parse ] --START--
INFO: ParseTemplate Behavior ::run [ RunTime:0.023446s ]
INFO: [ view_parse ] --END-- [ RunTime:0.023624s ]
INFO: [ view_filter ] --START--
INFO: ContentReplace Behavior ::run [ RunTime:0.000731s ]
INFO: TokenBuild Behavior ::run [ RunTime:0.000566s ]
INFO: WriteHtmlCache Behavior ::run [ RunTime:0.000436s ]
INFO: ShowRuntime Behavior ::run [ RunTime:0.000638s ]
INFO: [ view_filter ] --END-- [ RunTime:0.002687s ]
INFO: [ view_end ] --START--
INFO: ShowPageTrace Behavior ::run [ RunTime:0.000729s ]
INFO: [ view_end ] --END-- [ RunTime:0.000847s ]

[ 2014-03-21T12:32:18+08:00 ] 127.0.0.1 /cdms/index.php/User/login.html
INFO: [ route_check ] --START--
INFO: CheckRoute Behavior ::run [ RunTime:0.001934s ]
INFO: [ route_check ] --END-- [ RunTime:0.002154s ]
INFO: [ app_begin ] --START--
INFO: ReadHtmlCache Behavior ::run [ RunTime:0.001027s ]
INFO: [ app_begin ] --END-- [ RunTime:0.001247s ]
NOTIC: [8] Undefined index: name D:\Web\wamp\www\cdms\home\Lib\Action\UserAction.class.php 第 10 行.
INFO: [ view_parse ] --START--
INFO: ParseTemplate Behavior ::run [ RunTime:0.012759s ]
INFO: [ view_parse ] --END-- [ RunTime:0.013071s ]
INFO: [ view_filter ] --START--
INFO: ContentReplace Behavior ::run [ RunTime:0.003724s ]
INFO: TokenBuild Behavior ::run [ RunTime:0.001445s ]
INFO: WriteHtmlCache Behavior ::run [ RunTime:0.000797s ]
INFO: ShowRuntime Behavior ::run [ RunTime:0.001629s ]
INFO: [ view_filter ] --END-- [ RunTime:0.008332s ]
INFO: [ view_end ] --START--
INFO: ShowPageTrace Behavior ::run [ RunTime:0.001922s ]
INFO: [ view_end ] --END-- [ RunTime:0.002464s ]

[ 2014-03-21T12:32:18+08:00 ] 127.0.0.1 /cdms/index.php/User/images/Cursor.cur
INFO: [ route_check ] --START--
INFO: CheckRoute Behavior ::run [ RunTime:0.002012s ]
INFO: [ route_check ] --END-- [ RunTime:0.002330s ]
INFO: [ app_begin ] --START--
INFO: ReadHtmlCache Behavior ::run [ RunTime:0.001681s ]
INFO: [ app_begin ] --END-- [ RunTime:0.002095s ]
ERR: 非法操作:images

[ 2014-03-21T12:32:23+08:00 ] 127.0.0.1 /cdms/index.php/User/login
INFO: [ route_check ] --START--
INFO: CheckRoute Behavior ::run [ RunTime:0.001590s ]
INFO: [ route_check ] --END-- [ RunTime:0.001795s ]
INFO: [ app_begin ] --START--
INFO: ReadHtmlCache Behavior ::run [ RunTime:0.001007s ]
INFO: [ app_begin ] --END-- [ RunTime:0.001209s ]
SQL: SHOW COLUMNS FROM `think_user` [ RunTime:0.046991s ]
SQL: SELECT * FROM `think_user` WHERE ( `name` = 'user' ) LIMIT 1   [ RunTime:0.000632s ]
NOTIC: [8] A session had already been started - ignoring session_start() D:\Web\wamp\www\cdms\Common\functions.php 第 566 行.

[ 2014-03-21T12:32:24+08:00 ] 127.0.0.1 /cdms/index.php/
INFO: [ route_check ] --START--
INFO: CheckRoute Behavior ::run [ RunTime:0.001018s ]
INFO: [ route_check ] --END-- [ RunTime:0.001164s ]
INFO: [ app_begin ] --START--
INFO: ReadHtmlCache Behavior ::run [ RunTime:0.000654s ]
INFO: [ app_begin ] --END-- [ RunTime:0.000803s ]
SQL: SHOW COLUMNS FROM `think_user` [ RunTime:0.036270s ]
SQL: SHOW COLUMNS FROM `think_food` [ RunTime:0.016622s ]
SQL: SELECT * FROM `think_user` WHERE ( `id` = 1 ) LIMIT 1   [ RunTime:0.000353s ]
SQL: SELECT * FROM `think_food` ORDER BY click DESC  [ RunTime:0.000267s ]
INFO: [ view_parse ] --START--
INFO: ParseTemplate Behavior ::run [ RunTime:0.017530s ]
INFO: [ view_parse ] --END-- [ RunTime:0.017688s ]
INFO: [ view_filter ] --START--
INFO: ContentReplace Behavior ::run [ RunTime:0.000607s ]
INFO: TokenBuild Behavior ::run [ RunTime:0.000478s ]
INFO: WriteHtmlCache Behavior ::run [ RunTime:0.000356s ]
INFO: ShowRuntime Behavior ::run [ RunTime:0.000563s ]
INFO: [ view_filter ] --END-- [ RunTime:0.002281s ]
INFO: [ view_end ] --START--
INFO: ShowPageTrace Behavior ::run [ RunTime:0.000617s ]
INFO: [ view_end ] --END-- [ RunTime:0.000711s ]

[ 2014-03-21T12:43:04+08:00 ] 127.0.0.1 /cdms/index.php/User/regist
INFO: [ route_check ] --START--
INFO: CheckRoute Behavior ::run [ RunTime:0.001980s ]
INFO: [ route_check ] --END-- [ RunTime:0.002209s ]
INFO: [ app_begin ] --START--
INFO: ReadHtmlCache Behavior ::run [ RunTime:0.001202s ]
INFO: [ app_begin ] --END-- [ RunTime:0.001396s ]
NOTIC: [8] Undefined index: name D:\Web\wamp\www\cdms\home\Lib\Action\UserAction.class.php 第 35 行.
INFO: [ view_parse ] --START--
INFO: ParseTemplate Behavior ::run [ RunTime:0.009197s ]
INFO: [ view_parse ] --END-- [ RunTime:0.009383s ]
INFO: [ view_filter ] --START--
INFO: ContentReplace Behavior ::run [ RunTime:0.000653s ]
INFO: TokenBuild Behavior ::run [ RunTime:0.000584s ]
INFO: WriteHtmlCache Behavior ::run [ RunTime:0.000499s ]
INFO: ShowRuntime Behavior ::run [ RunTime:0.000647s ]
INFO: [ view_filter ] --END-- [ RunTime:0.002674s ]
INFO: [ view_end ] --START--
INFO: ShowPageTrace Behavior ::run [ RunTime:0.000780s ]
INFO: [ view_end ] --END-- [ RunTime:0.000896s ]

[ 2014-03-21T12:43:05+08:00 ] 127.0.0.1 /cdms/index.php/User/images/Cursor.cur
INFO: [ route_check ] --START--
INFO: CheckRoute Behavior ::run [ RunTime:0.001695s ]
INFO: [ route_check ] --END-- [ RunTime:0.001887s ]
INFO: [ app_begin ] --START--
INFO: ReadHtmlCache Behavior ::run [ RunTime:0.001046s ]
INFO: [ app_begin ] --END-- [ RunTime:0.001232s ]
ERR: 非法操作:images

[ 2014-03-21T12:43:12+08:00 ] 127.0.0.1 /cdms/index.php/User/regist
INFO: [ route_check ] --START--
INFO: CheckRoute Behavior ::run [ RunTime:0.001126s ]
INFO: [ route_check ] --END-- [ RunTime:0.001262s ]
INFO: [ app_begin ] --START--
INFO: ReadHtmlCache Behavior ::run [ RunTime:0.000543s ]
INFO: [ app_begin ] --END-- [ RunTime:0.000652s ]
SQL: SHOW COLUMNS FROM `think_user` [ RunTime:0.043872s ]
SQL: INSERT INTO `think_user` (`name`,`psw`,`email`,`sex`,`icon`,`local`) VALUES ('33','a87ff679a2f3e71d9181a67b7542122c','4',0,'/cdms/Public/images/boy.jpg',0) [ RunTime:0.842625s ]
NOTIC: [8] A session had already been started - ignoring session_start() D:\Web\wamp\www\cdms\Common\functions.php 第 566 行.

[ 2014-03-21T12:43:12+08:00 ] 127.0.0.1 /cdms/index.php/index/index.html
INFO: [ route_check ] --START--
INFO: CheckRoute Behavior ::run [ RunTime:0.001816s ]
INFO: [ route_check ] --END-- [ RunTime:0.002029s ]
INFO: [ app_begin ] --START--
INFO: ReadHtmlCache Behavior ::run [ RunTime:0.000905s ]
INFO: [ app_begin ] --END-- [ RunTime:0.001106s ]
ERR: 无法加载模块:index

[ 2014-03-21T12:43:28+08:00 ] 127.0.0.1 /cdms/index.php/User/regist
INFO: [ route_check ] --START--
INFO: CheckRoute Behavior ::run [ RunTime:0.001534s ]
INFO: [ route_check ] --END-- [ RunTime:0.001790s ]
INFO: [ app_begin ] --START--
INFO: ReadHtmlCache Behavior ::run [ RunTime:0.000808s ]
INFO: [ app_begin ] --END-- [ RunTime:0.000932s ]
NOTIC: [8] Undefined index: name D:\Web\wamp\www\cdms\home\Lib\Action\UserAction.class.php 第 35 行.
INFO: [ view_parse ] --START--
INFO: ParseTemplate Behavior ::run [ RunTime:0.008997s ]
INFO: [ view_parse ] --END-- [ RunTime:0.009197s ]
INFO: [ view_filter ] --START--
INFO: ContentReplace Behavior ::run [ RunTime:0.000539s ]
INFO: TokenBuild Behavior ::run [ RunTime:0.000543s ]
INFO: WriteHtmlCache Behavior ::run [ RunTime:0.000360s ]
INFO: ShowRuntime Behavior ::run [ RunTime:0.000556s ]
INFO: [ view_filter ] --END-- [ RunTime:0.002281s ]
INFO: [ view_end ] --START--
INFO: ShowPageTrace Behavior ::run [ RunTime:0.000630s ]
INFO: [ view_end ] --END-- [ RunTime:0.000762s ]

[ 2014-03-21T12:43:28+08:00 ] 127.0.0.1 /cdms/index.php/User/images/Cursor.cur
INFO: [ route_check ] --START--
INFO: CheckRoute Behavior ::run [ RunTime:0.001708s ]
INFO: [ route_check ] --END-- [ RunTime:0.001916s ]
INFO: [ app_begin ] --START--
INFO: ReadHtmlCache Behavior ::run [ RunTime:0.001238s ]
INFO: [ app_begin ] --END-- [ RunTime:0.001479s ]
ERR: 非法操作:images

[ 2014-03-21T12:43:33+08:00 ] 127.0.0.1 /cdms/index.php/User/regist
INFO: [ route_check ] --START--
INFO: CheckRoute Behavior ::run [ RunTime:0.001135s ]
INFO: [ route_check ] --END-- [ RunTime:0.001286s ]
INFO: [ app_begin ] --START--
INFO: ReadHtmlCache Behavior ::run [ RunTime:0.000741s ]
INFO: [ app_begin ] --END-- [ RunTime:0.000887s ]
SQL: SHOW COLUMNS FROM `think_user` [ RunTime:0.040912s ]
SQL: INSERT INTO `think_user` (`name`,`psw`,`email`,`sex`,`icon`,`local`) VALUES ('33','fc490ca45c00b1249bbe3554a4fdf6fb','4',0,'/cdms/Public/images/boy.jpg',0) [ RunTime:1.097821s ]
NOTIC: [8] A session had already been started - ignoring session_start() D:\Web\wamp\www\cdms\Common\functions.php 第 566 行.

[ 2014-03-21T12:43:34+08:00 ] 127.0.0.1 /cdms/index.php/
INFO: [ route_check ] --START--
INFO: CheckRoute Behavior ::run [ RunTime:0.001998s ]
INFO: [ route_check ] --END-- [ RunTime:0.002393s ]
INFO: [ app_begin ] --START--
INFO: ReadHtmlCache Behavior ::run [ RunTime:0.001614s ]
INFO: [ app_begin ] --END-- [ RunTime:0.001995s ]
SQL: SHOW COLUMNS FROM `think_user` [ RunTime:0.042899s ]
SQL: SHOW COLUMNS FROM `think_food` [ RunTime:0.025400s ]
SQL: SELECT * FROM `think_user` WHERE ( `id` = 15 ) LIMIT 1   [ RunTime:0.000511s ]
SQL: SELECT * FROM `think_food` ORDER BY click DESC  [ RunTime:0.000503s ]
INFO: [ view_parse ] --START--
INFO: ParseTemplate Behavior ::run [ RunTime:0.025737s ]
INFO: [ view_parse ] --END-- [ RunTime:0.025931s ]
INFO: [ view_filter ] --START--
INFO: ContentReplace Behavior ::run [ RunTime:0.000659s ]
INFO: TokenBuild Behavior ::run [ RunTime:0.000527s ]
INFO: WriteHtmlCache Behavior ::run [ RunTime:0.000366s ]
INFO: ShowRuntime Behavior ::run [ RunTime:0.000599s ]
INFO: [ view_filter ] --END-- [ RunTime:0.002443s ]
INFO: [ view_end ] --START--
INFO: ShowPageTrace Behavior ::run [ RunTime:0.000650s ]
INFO: [ view_end ] --END-- [ RunTime:0.000745s ]

[ 2014-03-21T13:06:09+08:00 ] 127.0.0.1 /cdms/index.php/
INFO: [ route_check ] --START--
INFO: CheckRoute Behavior ::run [ RunTime:0.002153s ]
INFO: [ route_check ] --END-- [ RunTime:0.002421s ]
INFO: [ app_begin ] --START--
INFO: ReadHtmlCache Behavior ::run [ RunTime:0.000889s ]
INFO: [ app_begin ] --END-- [ RunTime:0.001082s ]
SQL: SHOW COLUMNS FROM `think_user` [ RunTime:0.036611s ]
SQL: SHOW COLUMNS FROM `think_food` [ RunTime:0.021699s ]
SQL: SELECT * FROM `think_user` WHERE ( `id` = 15 ) LIMIT 1   [ RunTime:0.000829s ]
SQL: SELECT * FROM `think_food` ORDER BY click DESC  [ RunTime:0.000509s ]
INFO: [ view_parse ] --START--
NOTIC: [8] Use of undefined constant name - assumed 'name' D:\Web\wamp\www\cdms\home\Runtime\Cache\80dd983517065d027eae9116806de03a.php 第 226 行.
NOTIC: [8] Use of undefined constant name - assumed 'name' D:\Web\wamp\www\cdms\home\Runtime\Cache\80dd983517065d027eae9116806de03a.php 第 226 行.
NOTIC: [8] Use of undefined constant name - assumed 'name' D:\Web\wamp\www\cdms\home\Runtime\Cache\80dd983517065d027eae9116806de03a.php 第 227 行.
NOTIC: [8] Use of undefined constant name - assumed 'name' D:\Web\wamp\www\cdms\home\Runtime\Cache\80dd983517065d027eae9116806de03a.php 第 227 行.
INFO: ParseTemplate Behavior ::run [ RunTime:0.023533s ]
INFO: [ view_parse ] --END-- [ RunTime:0.023668s ]
INFO: [ view_filter ] --START--
INFO: ContentReplace Behavior ::run [ RunTime:0.000619s ]
INFO: TokenBuild Behavior ::run [ RunTime:0.000476s ]
INFO: WriteHtmlCache Behavior ::run [ RunTime:0.000365s ]
INFO: ShowRuntime Behavior ::run [ RunTime:0.000588s ]
INFO: [ view_filter ] --END-- [ RunTime:0.002304s ]
INFO: [ view_end ] --START--
INFO: ShowPageTrace Behavior ::run [ RunTime:0.000618s ]
INFO: [ view_end ] --END-- [ RunTime:0.000713s ]

[ 2014-03-21T13:08:29+08:00 ] 127.0.0.1 /cdms/index.php/
INFO: [ route_check ] --START--
INFO: CheckRoute Behavior ::run [ RunTime:0.001649s ]
INFO: [ route_check ] --END-- [ RunTime:0.001917s ]
INFO: [ app_begin ] --START--
INFO: ReadHtmlCache Behavior ::run [ RunTime:0.001170s ]
INFO: [ app_begin ] --END-- [ RunTime:0.001380s ]
SQL: SHOW COLUMNS FROM `think_user` [ RunTime:0.044997s ]
SQL: SHOW COLUMNS FROM `think_food` [ RunTime:0.027316s ]
SQL: SELECT * FROM `think_user` WHERE ( `id` = 15 ) LIMIT 1   [ RunTime:0.000567s ]
SQL: SELECT * FROM `think_food` ORDER BY click DESC  [ RunTime:0.000487s ]
INFO: [ view_parse ] --START--
NOTIC: [8] Use of undefined constant id - assumed 'id' D:\Web\wamp\www\cdms\home\Runtime\Cache\80dd983517065d027eae9116806de03a.php 第 226 行.
NOTIC: [8] Use of undefined constant name - assumed 'name' D:\Web\wamp\www\cdms\home\Runtime\Cache\80dd983517065d027eae9116806de03a.php 第 226 行.
NOTIC: [8] Use of undefined constant id - assumed 'id' D:\Web\wamp\www\cdms\home\Runtime\Cache\80dd983517065d027eae9116806de03a.php 第 226 行.
NOTIC: [8] Use of undefined constant name - assumed 'name' D:\Web\wamp\www\cdms\home\Runtime\Cache\80dd983517065d027eae9116806de03a.php 第 226 行.
NOTIC: [8] Use of undefined constant id - assumed 'id' D:\Web\wamp\www\cdms\home\Runtime\Cache\80dd983517065d027eae9116806de03a.php 第 227 行.
NOTIC: [8] Use of undefined constant name - assumed 'name' D:\Web\wamp\www\cdms\home\Runtime\Cache\80dd983517065d027eae9116806de03a.php 第 227 行.
NOTIC: [8] Use of undefined constant id - assumed 'id' D:\Web\wamp\www\cdms\home\Runtime\Cache\80dd983517065d027eae9116806de03a.php 第 227 行.
NOTIC: [8] Use of undefined constant name - assumed 'name' D:\Web\wamp\www\cdms\home\Runtime\Cache\80dd983517065d027eae9116806de03a.php 第 227 行.
INFO: ParseTemplate Behavior ::run [ RunTime:0.022985s ]
INFO: [ view_parse ] --END-- [ RunTime:0.023120s ]
INFO: [ view_filter ] --START--
INFO: ContentReplace Behavior ::run [ RunTime:0.000703s ]
INFO: TokenBuild Behavior ::run [ RunTime:0.000579s ]
INFO: WriteHtmlCache Behavior ::run [ RunTime:0.000441s ]
INFO: ShowRuntime Behavior ::run [ RunTime:0.000684s ]
INFO: [ view_filter ] --END-- [ RunTime:0.002711s ]
INFO: [ view_end ] --START--
INFO: ShowPageTrace Behavior ::run [ RunTime:0.000742s ]
INFO: [ view_end ] --END-- [ RunTime:0.000834s ]

[ 2014-03-21T13:08:35+08:00 ] 127.0.0.1 /cdms/index.php/Food/addClick?food_id=6
INFO: [ route_check ] --START--
INFO: CheckRoute Behavior ::run [ RunTime:0.002249s ]
INFO: [ route_check ] --END-- [ RunTime:0.002410s ]
INFO: [ app_begin ] --START--
INFO: ReadHtmlCache Behavior ::run [ RunTime:0.001595s ]
INFO: [ app_begin ] --END-- [ RunTime:0.001874s ]
SQL: SHOW COLUMNS FROM `think_food` [ RunTime:0.046900s ]
SQL: SELECT * FROM `think_food` LIMIT 1   [ RunTime:0.000645s ]
SQL: UPDATE `think_food` SET `name`='陈麻婆豆腐',`introduction`='性价比很高的一家老字号饭店，经典的是他们家的麻婆豆腐， 12元小份，20元大份的，但是所谓的大份也只是很小一盆。豆腐浸润在辣红油中，上面散了一层孜然粉，有一点肉糜和葱，不算太辣，味道很浓。 水煮鱼，鱼肉鲜嫩，入味，但是刺儿多还都是小刺，底料还有绿叶菜和豆芽、老豆腐； 鸡丝凉面，爽口，开胃～ 麻婆豆腐，木有想象的辣，挺油的～ 毛血旺，上面是一层油，底下其实是汤，食材种类很多，很好吃～ 宫保鸡丁，酸甜口味的，花生超级多～ 豌豆尖，挺新鲜的，搭配辣的吃～ 樟茶鸭，很香，有几块皮下脂肪很多有点油腻，但是鸭肉还是很嫩很香的，略微偏咸； 鸡丝凉皮，酸甜辣味道综合，凉皮滑滑嫩嫩的，这道小菜在夏天吃会很赞； 醉豆花，有点类似于上海的水果羹，不过里面放了酒酿和豆腐（原来豆腐还能做甜品），喝起来并不是很甜；',`image`='/cdms/Public/images/1.jpg',`address`=' 1：骡马市店（青羊区西玉龙街197号，电话：028-86754512） 2： 青华路店（青华路10号附10-12号, 电话：028-87317216）    3 ： 文殊院店（文殊坊白云寺街30号） 4：  成都北站店（二环路北三段(成都北站对面)）   5：大石西路店（大石西路80号附89号）',`state`=1,`star`=4,`user_id`=1,`click`=4 WHERE ( `id` = 1 ) [ RunTime:0.095195s ]

[ 2014-03-21T13:08:36+08:00 ] 127.0.0.1 /cdms/index.php/Food/index/food_id/6.html
INFO: [ route_check ] --START--
INFO: CheckRoute Behavior ::run [ RunTime:0.002368s ]
INFO: [ route_check ] --END-- [ RunTime:0.002605s ]
INFO: [ app_begin ] --START--
INFO: ReadHtmlCache Behavior ::run [ RunTime:0.001143s ]
INFO: [ app_begin ] --END-- [ RunTime:0.001407s ]
SQL: SHOW COLUMNS FROM `think_food` [ RunTime:0.080109s ]
SQL: SHOW COLUMNS FROM `think_user` [ RunTime:0.018723s ]
SQL: SHOW COLUMNS FROM `think_comment` [ RunTime:0.034944s ]
SQL: SELECT * FROM `think_food` WHERE ( `id` = 6 ) LIMIT 1   [ RunTime:0.000434s ]
SQL: SELECT * FROM `think_user` WHERE ( `id` = 15 ) LIMIT 1   [ RunTime:0.000250s ]
SQL: SELECT * FROM `think_comment` WHERE ( `id` = 15 )  [ RunTime:0.000367s ]
INFO: [ view_parse ] --START--
NOTIC: [8] Use of undefined constant content - assumed 'content' D:\Web\wamp\www\cdms\home\Runtime\Cache\a3007765fa4b3bd7b5cdf84bc6d6e4ef.php 第 96 行.
NOTIC: [8] Undefined variable: comment D:\Web\wamp\www\cdms\home\Runtime\Cache\a3007765fa4b3bd7b5cdf84bc6d6e4ef.php 第 96 行.
NOTIC: [8] Use of undefined constant name - assumed 'name' D:\Web\wamp\www\cdms\home\Runtime\Cache\a3007765fa4b3bd7b5cdf84bc6d6e4ef.php 第 98 行.
NOTIC: [8] Undefined variable: comment D:\Web\wamp\www\cdms\home\Runtime\Cache\a3007765fa4b3bd7b5cdf84bc6d6e4ef.php 第 98 行.
INFO: ParseTemplate Behavior ::run [ RunTime:0.015764s ]
INFO: [ view_parse ] --END-- [ RunTime:0.015933s ]
INFO: [ view_filter ] --START--
INFO: ContentReplace Behavior ::run [ RunTime:0.000756s ]
INFO: TokenBuild Behavior ::run [ RunTime:0.000782s ]
INFO: WriteHtmlCache Behavior ::run [ RunTime:0.000883s ]
INFO: ShowRuntime Behavior ::run [ RunTime:0.002099s ]
INFO: [ view_filter ] --END-- [ RunTime:0.005008s ]
INFO: [ view_end ] --START--
INFO: ShowPageTrace Behavior ::run [ RunTime:0.001128s ]
INFO: [ view_end ] --END-- [ RunTime:0.001310s ]

[ 2014-03-21T13:09:45+08:00 ] 127.0.0.1 /cdms/index.php/Food/index/Food/update
INFO: [ route_check ] --START--
INFO: CheckRoute Behavior ::run [ RunTime:0.002692s ]
INFO: [ route_check ] --END-- [ RunTime:0.003137s ]
INFO: [ app_begin ] --START--
INFO: ReadHtmlCache Behavior ::run [ RunTime:0.000980s ]
INFO: [ app_begin ] --END-- [ RunTime:0.001252s ]
NOTIC: [8] Undefined index: food_id D:\Web\wamp\www\cdms\home\Lib\Action\FoodAction.class.php 第 16 行.
INFO: [ view_parse ] --START--
INFO: ParseTemplate Behavior ::run [ RunTime:0.066833s ]
INFO: [ view_parse ] --END-- [ RunTime:0.067032s ]
INFO: [ view_filter ] --START--
INFO: ContentReplace Behavior ::run [ RunTime:0.000528s ]
INFO: TokenBuild Behavior ::run [ RunTime:0.000750s ]
INFO: WriteHtmlCache Behavior ::run [ RunTime:0.000653s ]
INFO: ShowRuntime Behavior ::run [ RunTime:0.000898s ]
INFO: [ view_filter ] --END-- [ RunTime:0.003250s ]
INFO: [ view_end ] --START--
INFO: ShowPageTrace Behavior ::run [ RunTime:0.000693s ]
INFO: [ view_end ] --END-- [ RunTime:0.000788s ]

[ 2014-03-21T13:11:03+08:00 ] 127.0.0.1 /cdms/index.php/Food/index/update
INFO: [ route_check ] --START--
INFO: CheckRoute Behavior ::run [ RunTime:0.001337s ]
INFO: [ route_check ] --END-- [ RunTime:0.001483s ]
INFO: [ app_begin ] --START--
INFO: ReadHtmlCache Behavior ::run [ RunTime:0.000804s ]
INFO: [ app_begin ] --END-- [ RunTime:0.000938s ]
NOTIC: [8] Undefined index: food_id D:\Web\wamp\www\cdms\home\Lib\Action\FoodAction.class.php 第 16 行.
INFO: [ view_parse ] --START--
INFO: ParseTemplate Behavior ::run [ RunTime:0.012894s ]
INFO: [ view_parse ] --END-- [ RunTime:0.013068s ]
INFO: [ view_filter ] --START--
INFO: ContentReplace Behavior ::run [ RunTime:0.000588s ]
INFO: TokenBuild Behavior ::run [ RunTime:0.000584s ]
INFO: WriteHtmlCache Behavior ::run [ RunTime:0.000435s ]
INFO: ShowRuntime Behavior ::run [ RunTime:0.000632s ]
INFO: [ view_filter ] --END-- [ RunTime:0.002549s ]
INFO: [ view_end ] --START--
INFO: ShowPageTrace Behavior ::run [ RunTime:0.000725s ]
INFO: [ view_end ] --END-- [ RunTime:0.000820s ]

[ 2014-03-21T13:11:23+08:00 ] 127.0.0.1 /cdms/index.php/Food/update
INFO: [ route_check ] --START--
INFO: CheckRoute Behavior ::run [ RunTime:0.001174s ]
INFO: [ route_check ] --END-- [ RunTime:0.001304s ]
INFO: [ app_begin ] --START--
INFO: ReadHtmlCache Behavior ::run [ RunTime:0.000789s ]
INFO: [ app_begin ] --END-- [ RunTime:0.000928s ]
SQL: SHOW COLUMNS FROM `think_comment` [ RunTime:0.063939s ]
SQL: INSERT INTO `think_comment` (`user_id`,`food_id`,`content`,`date`,`state`,`toUser_id`,`toComment_id`) VALUES (15,6,'','2014-03-21',0,0,0) [ RunTime:0.109040s ]

[ 2014-03-21T13:11:24+08:00 ] 127.0.0.1 /cdms/index.php/Food/index/food_id/6.html
INFO: [ route_check ] --START--
INFO: CheckRoute Behavior ::run [ RunTime:0.002775s ]
INFO: [ route_check ] --END-- [ RunTime:0.003025s ]
INFO: [ app_begin ] --START--
INFO: ReadHtmlCache Behavior ::run [ RunTime:0.001653s ]
INFO: [ app_begin ] --END-- [ RunTime:0.001923s ]
SQL: SHOW COLUMNS FROM `think_food` [ RunTime:0.031798s ]
SQL: SHOW COLUMNS FROM `think_user` [ RunTime:0.014870s ]
SQL: SHOW COLUMNS FROM `think_comment` [ RunTime:0.023312s ]
SQL: SELECT * FROM `think_food` WHERE ( `id` = 6 ) LIMIT 1   [ RunTime:0.000560s ]
SQL: SELECT * FROM `think_user` WHERE ( `id` = 15 ) LIMIT 1   [ RunTime:0.000325s ]
SQL: SELECT * FROM `think_comment` WHERE ( `id` = 15 )  [ RunTime:0.000250s ]
INFO: [ view_parse ] --START--
NOTIC: [8] Use of undefined constant content - assumed 'content' D:\Web\wamp\www\cdms\home\Runtime\Cache\a3007765fa4b3bd7b5cdf84bc6d6e4ef.php 第 96 行.
NOTIC: [8] Undefined variable: comment D:\Web\wamp\www\cdms\home\Runtime\Cache\a3007765fa4b3bd7b5cdf84bc6d6e4ef.php 第 96 行.
NOTIC: [8] Use of undefined constant name - assumed 'name' D:\Web\wamp\www\cdms\home\Runtime\Cache\a3007765fa4b3bd7b5cdf84bc6d6e4ef.php 第 98 行.
NOTIC: [8] Undefined variable: comment D:\Web\wamp\www\cdms\home\Runtime\Cache\a3007765fa4b3bd7b5cdf84bc6d6e4ef.php 第 98 行.
INFO: ParseTemplate Behavior ::run [ RunTime:0.012912s ]
INFO: [ view_parse ] --END-- [ RunTime:0.013065s ]
INFO: [ view_filter ] --START--
INFO: ContentReplace Behavior ::run [ RunTime:0.000991s ]
INFO: TokenBuild Behavior ::run [ RunTime:0.000892s ]
INFO: WriteHtmlCache Behavior ::run [ RunTime:0.000666s ]
INFO: ShowRuntime Behavior ::run [ RunTime:0.000991s ]
INFO: [ view_filter ] --END-- [ RunTime:0.003958s ]
INFO: [ view_end ] --START--
INFO: ShowPageTrace Behavior ::run [ RunTime:0.000808s ]
INFO: [ view_end ] --END-- [ RunTime:0.000906s ]

[ 2014-03-21T13:11:45+08:00 ] 127.0.0.1 /cdms/index.php/Food/update
INFO: [ route_check ] --START--
INFO: CheckRoute Behavior ::run [ RunTime:0.001816s ]
INFO: [ route_check ] --END-- [ RunTime:0.002162s ]
INFO: [ app_begin ] --START--
INFO: ReadHtmlCache Behavior ::run [ RunTime:0.000821s ]
INFO: [ app_begin ] --END-- [ RunTime:0.000990s ]
SQL: SHOW COLUMNS FROM `think_comment` [ RunTime:0.249561s ]
SQL: INSERT INTO `think_comment` (`user_id`,`food_id`,`content`,`date`,`state`,`toUser_id`,`toComment_id`) VALUES (15,6,'128','2014-03-21',0,0,0) [ RunTime:0.158833s ]

[ 2014-03-21T13:11:46+08:00 ] 127.0.0.1 /cdms/index.php/Food/index/food_id/6.html
INFO: [ route_check ] --START--
INFO: CheckRoute Behavior ::run [ RunTime:0.001234s ]
INFO: [ route_check ] --END-- [ RunTime:0.001360s ]
INFO: [ app_begin ] --START--
INFO: ReadHtmlCache Behavior ::run [ RunTime:0.000888s ]
INFO: [ app_begin ] --END-- [ RunTime:0.001010s ]
SQL: SHOW COLUMNS FROM `think_food` [ RunTime:0.051752s ]
SQL: SHOW COLUMNS FROM `think_user` [ RunTime:0.016639s ]
SQL: SHOW COLUMNS FROM `think_comment` [ RunTime:0.023044s ]
SQL: SELECT * FROM `think_food` WHERE ( `id` = 6 ) LIMIT 1   [ RunTime:0.000412s ]
SQL: SELECT * FROM `think_user` WHERE ( `id` = 15 ) LIMIT 1   [ RunTime:0.000312s ]
SQL: SELECT * FROM `think_comment` WHERE ( `id` = 15 )  [ RunTime:0.000251s ]
INFO: [ view_parse ] --START--
NOTIC: [8] Use of undefined constant content - assumed 'content' D:\Web\wamp\www\cdms\home\Runtime\Cache\a3007765fa4b3bd7b5cdf84bc6d6e4ef.php 第 96 行.
NOTIC: [8] Undefined variable: comment D:\Web\wamp\www\cdms\home\Runtime\Cache\a3007765fa4b3bd7b5cdf84bc6d6e4ef.php 第 96 行.
NOTIC: [8] Use of undefined constant name - assumed 'name' D:\Web\wamp\www\cdms\home\Runtime\Cache\a3007765fa4b3bd7b5cdf84bc6d6e4ef.php 第 98 行.
NOTIC: [8] Undefined variable: comment D:\Web\wamp\www\cdms\home\Runtime\Cache\a3007765fa4b3bd7b5cdf84bc6d6e4ef.php 第 98 行.
INFO: ParseTemplate Behavior ::run [ RunTime:0.012654s ]
INFO: [ view_parse ] --END-- [ RunTime:0.012863s ]
INFO: [ view_filter ] --START--
INFO: ContentReplace Behavior ::run [ RunTime:0.001257s ]
INFO: TokenBuild Behavior ::run [ RunTime:0.000760s ]
INFO: WriteHtmlCache Behavior ::run [ RunTime:0.000573s ]
INFO: ShowRuntime Behavior ::run [ RunTime:0.000844s ]
INFO: [ view_filter ] --END-- [ RunTime:0.003814s ]
INFO: [ view_end ] --START--
INFO: ShowPageTrace Behavior ::run [ RunTime:0.001112s ]
INFO: [ view_end ] --END-- [ RunTime:0.001265s ]

[ 2014-03-21T13:12:32+08:00 ] 127.0.0.1 /cdms/index.php/Food/index/food_id/6.html
INFO: [ route_check ] --START--
INFO: CheckRoute Behavior ::run [ RunTime:0.002219s ]
INFO: [ route_check ] --END-- [ RunTime:0.002421s ]
INFO: [ app_begin ] --START--
INFO: ReadHtmlCache Behavior ::run [ RunTime:0.001257s ]
INFO: [ app_begin ] --END-- [ RunTime:0.001441s ]
SQL: SHOW COLUMNS FROM `think_food` [ RunTime:0.046778s ]
SQL: SHOW COLUMNS FROM `think_user` [ RunTime:0.017116s ]
SQL: SHOW COLUMNS FROM `think_comment` [ RunTime:0.026058s ]
SQL: SELECT * FROM `think_food` WHERE ( `id` = 6 ) LIMIT 1   [ RunTime:0.000460s ]
SQL: SELECT * FROM `think_user` WHERE ( `id` = 15 ) LIMIT 1   [ RunTime:0.000329s ]
SQL: SELECT * FROM `think_comment` WHERE ( `id` = 15 )  [ RunTime:0.000229s ]
INFO: [ view_parse ] --START--
NOTIC: [8] Use of undefined constant content - assumed 'content' D:\Web\wamp\www\cdms\home\Runtime\Cache\a3007765fa4b3bd7b5cdf84bc6d6e4ef.php 第 96 行.
NOTIC: [8] Undefined variable: comment D:\Web\wamp\www\cdms\home\Runtime\Cache\a3007765fa4b3bd7b5cdf84bc6d6e4ef.php 第 96 行.
NOTIC: [8] Use of undefined constant name - assumed 'name' D:\Web\wamp\www\cdms\home\Runtime\Cache\a3007765fa4b3bd7b5cdf84bc6d6e4ef.php 第 98 行.
NOTIC: [8] Undefined variable: comment D:\Web\wamp\www\cdms\home\Runtime\Cache\a3007765fa4b3bd7b5cdf84bc6d6e4ef.php 第 98 行.
INFO: ParseTemplate Behavior ::run [ RunTime:0.011356s ]
INFO: [ view_parse ] --END-- [ RunTime:0.011490s ]
INFO: [ view_filter ] --START--
INFO: ContentReplace Behavior ::run [ RunTime:0.000608s ]
INFO: TokenBuild Behavior ::run [ RunTime:0.000583s ]
INFO: WriteHtmlCache Behavior ::run [ RunTime:0.000520s ]
INFO: ShowRuntime Behavior ::run [ RunTime:0.000718s ]
INFO: [ view_filter ] --END-- [ RunTime:0.002723s ]
INFO: [ view_end ] --START--
INFO: ShowPageTrace Behavior ::run [ RunTime:0.001022s ]
INFO: [ view_end ] --END-- [ RunTime:0.001155s ]

[ 2014-03-21T13:13:20+08:00 ] 127.0.0.1 /cdms/index.php/Food/index/food_id/6.html
INFO: [ route_check ] --START--
INFO: CheckRoute Behavior ::run [ RunTime:0.001592s ]
INFO: [ route_check ] --END-- [ RunTime:0.001767s ]
INFO: [ app_begin ] --START--
INFO: ReadHtmlCache Behavior ::run [ RunTime:0.001145s ]
INFO: [ app_begin ] --END-- [ RunTime:0.001379s ]
SQL: SHOW COLUMNS FROM `think_food` [ RunTime:0.045364s ]
SQL: SHOW COLUMNS FROM `think_user` [ RunTime:0.017427s ]
SQL: SHOW COLUMNS FROM `think_comment` [ RunTime:0.022358s ]
SQL: SELECT * FROM `think_food` WHERE ( `id` = 6 ) LIMIT 1   [ RunTime:0.000426s ]
SQL: SELECT * FROM `think_user` WHERE ( `id` = 15 ) LIMIT 1   [ RunTime:0.000251s ]
SQL: SELECT * FROM `think_comment` WHERE ( `id` = 15 )  [ RunTime:0.000223s ]
INFO: [ view_parse ] --START--
NOTIC: [8] Use of undefined constant content - assumed 'content' D:\Web\wamp\www\cdms\home\Runtime\Cache\a3007765fa4b3bd7b5cdf84bc6d6e4ef.php 第 96 行.
NOTIC: [8] Undefined variable: comment D:\Web\wamp\www\cdms\home\Runtime\Cache\a3007765fa4b3bd7b5cdf84bc6d6e4ef.php 第 96 行.
NOTIC: [8] Use of undefined constant name - assumed 'name' D:\Web\wamp\www\cdms\home\Runtime\Cache\a3007765fa4b3bd7b5cdf84bc6d6e4ef.php 第 98 行.
NOTIC: [8] Undefined variable: comment D:\Web\wamp\www\cdms\home\Runtime\Cache\a3007765fa4b3bd7b5cdf84bc6d6e4ef.php 第 98 行.
INFO: ParseTemplate Behavior ::run [ RunTime:0.009112s ]
INFO: [ view_parse ] --END-- [ RunTime:0.009242s ]
INFO: [ view_filter ] --START--
INFO: ContentReplace Behavior ::run [ RunTime:0.000656s ]
INFO: TokenBuild Behavior ::run [ RunTime:0.000656s ]
INFO: WriteHtmlCache Behavior ::run [ RunTime:0.000525s ]
INFO: ShowRuntime Behavior ::run [ RunTime:0.000993s ]
INFO: [ view_filter ] --END-- [ RunTime:0.003150s ]
INFO: [ view_end ] --START--
INFO: ShowPageTrace Behavior ::run [ RunTime:0.000727s ]
INFO: [ view_end ] --END-- [ RunTime:0.000820s ]

[ 2014-03-21T13:13:55+08:00 ] 127.0.0.1 /cdms/index.php/Food/index/food_id/6.html
INFO: [ route_check ] --START--
INFO: CheckRoute Behavior ::run [ RunTime:0.001334s ]
INFO: [ route_check ] --END-- [ RunTime:0.001470s ]
INFO: [ app_begin ] --START--
INFO: ReadHtmlCache Behavior ::run [ RunTime:0.000725s ]
INFO: [ app_begin ] --END-- [ RunTime:0.000866s ]
SQL: SHOW COLUMNS FROM `think_food` [ RunTime:0.015696s ]
SQL: SHOW COLUMNS FROM `think_user` [ RunTime:0.013598s ]
SQL: SHOW COLUMNS FROM `think_comment` [ RunTime:0.019796s ]
SQL: SELECT * FROM `think_food` WHERE ( `id` = 6 ) LIMIT 1   [ RunTime:0.000509s ]
SQL: SELECT * FROM `think_user` WHERE ( `id` = 15 ) LIMIT 1   [ RunTime:0.000351s ]
SQL: SELECT * FROM `think_comment` WHERE ( `id` = 6 )  [ RunTime:0.000246s ]
INFO: [ view_parse ] --START--
NOTIC: [8] Use of undefined constant content - assumed 'content' D:\Web\wamp\www\cdms\home\Runtime\Cache\a3007765fa4b3bd7b5cdf84bc6d6e4ef.php 第 96 行.
NOTIC: [8] Undefined variable: comment D:\Web\wamp\www\cdms\home\Runtime\Cache\a3007765fa4b3bd7b5cdf84bc6d6e4ef.php 第 96 行.
NOTIC: [8] Use of undefined constant name - assumed 'name' D:\Web\wamp\www\cdms\home\Runtime\Cache\a3007765fa4b3bd7b5cdf84bc6d6e4ef.php 第 98 行.
NOTIC: [8] Undefined variable: comment D:\Web\wamp\www\cdms\home\Runtime\Cache\a3007765fa4b3bd7b5cdf84bc6d6e4ef.php 第 98 行.
INFO: ParseTemplate Behavior ::run [ RunTime:0.009535s ]
INFO: [ view_parse ] --END-- [ RunTime:0.009652s ]
INFO: [ view_filter ] --START--
INFO: ContentReplace Behavior ::run [ RunTime:0.000588s ]
INFO: TokenBuild Behavior ::run [ RunTime:0.000517s ]
INFO: WriteHtmlCache Behavior ::run [ RunTime:0.000383s ]
INFO: ShowRuntime Behavior ::run [ RunTime:0.000587s ]
INFO: [ view_filter ] --END-- [ RunTime:0.002352s ]
INFO: [ view_end ] --START--
INFO: ShowPageTrace Behavior ::run [ RunTime:0.000655s ]
INFO: [ view_end ] --END-- [ RunTime:0.000746s ]

[ 2014-03-21T13:14:09+08:00 ] 127.0.0.1 /cdms/index.php/Food/index/food_id/6.html
INFO: [ route_check ] --START--
INFO: CheckRoute Behavior ::run [ RunTime:0.001823s ]
INFO: [ route_check ] --END-- [ RunTime:0.001973s ]
INFO: [ app_begin ] --START--
INFO: ReadHtmlCache Behavior ::run [ RunTime:0.000911s ]
INFO: [ app_begin ] --END-- [ RunTime:0.001102s ]
SQL: SHOW COLUMNS FROM `think_food` [ RunTime:0.043334s ]
SQL: SHOW COLUMNS FROM `think_user` [ RunTime:0.020259s ]
SQL: SHOW COLUMNS FROM `think_comment` [ RunTime:0.028678s ]
SQL: SELECT * FROM `think_food` WHERE ( `id` = 6 ) LIMIT 1   [ RunTime:0.000479s ]
SQL: SELECT * FROM `think_user` WHERE ( `id` = 15 ) LIMIT 1   [ RunTime:0.000253s ]
SQL: SELECT * FROM `think_comment` WHERE ( `id` = 6 )  [ RunTime:0.000282s ]
INFO: [ view_parse ] --START--
NOTIC: [8] Use of undefined constant content - assumed 'content' D:\Web\wamp\www\cdms\home\Runtime\Cache\a3007765fa4b3bd7b5cdf84bc6d6e4ef.php 第 96 行.
NOTIC: [8] Undefined variable: comment D:\Web\wamp\www\cdms\home\Runtime\Cache\a3007765fa4b3bd7b5cdf84bc6d6e4ef.php 第 96 行.
NOTIC: [8] Use of undefined constant name - assumed 'name' D:\Web\wamp\www\cdms\home\Runtime\Cache\a3007765fa4b3bd7b5cdf84bc6d6e4ef.php 第 98 行.
NOTIC: [8] Undefined variable: comment D:\Web\wamp\www\cdms\home\Runtime\Cache\a3007765fa4b3bd7b5cdf84bc6d6e4ef.php 第 98 行.
INFO: ParseTemplate Behavior ::run [ RunTime:0.009884s ]
INFO: [ view_parse ] --END-- [ RunTime:0.010012s ]
INFO: [ view_filter ] --START--
INFO: ContentReplace Behavior ::run [ RunTime:0.000551s ]
INFO: TokenBuild Behavior ::run [ RunTime:0.000495s ]
INFO: WriteHtmlCache Behavior ::run [ RunTime:0.000376s ]
INFO: ShowRuntime Behavior ::run [ RunTime:0.000551s ]
INFO: [ view_filter ] --END-- [ RunTime:0.002283s ]
INFO: [ view_end ] --START--
INFO: ShowPageTrace Behavior ::run [ RunTime:0.000636s ]
INFO: [ view_end ] --END-- [ RunTime:0.000723s ]

[ 2014-03-21T13:15:54+08:00 ] 127.0.0.1 /cdms/index.php/Food/index/food_id/6.html
INFO: [ route_check ] --START--
INFO: CheckRoute Behavior ::run [ RunTime:0.001566s ]
INFO: [ route_check ] --END-- [ RunTime:0.001720s ]
INFO: [ app_begin ] --START--
INFO: ReadHtmlCache Behavior ::run [ RunTime:0.000989s ]
INFO: [ app_begin ] --END-- [ RunTime:0.001142s ]
SQL: SHOW COLUMNS FROM `think_food` [ RunTime:0.044657s ]
SQL: SHOW COLUMNS FROM `think_user` [ RunTime:0.015629s ]
SQL: SHOW COLUMNS FROM `think_comment` [ RunTime:0.021023s ]
SQL: SELECT * FROM `think_food` WHERE ( `id` = 6 ) LIMIT 1   [ RunTime:0.000393s ]
SQL: SELECT * FROM `think_user` WHERE ( `id` = 15 ) LIMIT 1   [ RunTime:0.000201s ]
SQL: SELECT * FROM `think_comment` WHERE ( `food_id` = 6 )  [ RunTime:0.000252s ]
SQL: SELECT * FROM `think_user` WHERE ( `id` = 15 ) LIMIT 1   [ RunTime:0.000186s ]
SQL: SELECT * FROM `think_user` WHERE ( `id` = 15 ) LIMIT 1   [ RunTime:0.000188s ]
NOTIC: [8] Undefined offset: 2 D:\Web\wamp\www\cdms\home\Lib\Action\FoodAction.class.php 第 44 行.
INFO: [ view_parse ] --START--
NOTIC: [8] Use of undefined constant content - assumed 'content' D:\Web\wamp\www\cdms\home\Runtime\Cache\a3007765fa4b3bd7b5cdf84bc6d6e4ef.php 第 96 行.
NOTIC: [8] Use of undefined constant name - assumed 'name' D:\Web\wamp\www\cdms\home\Runtime\Cache\a3007765fa4b3bd7b5cdf84bc6d6e4ef.php 第 98 行.
INFO: ParseTemplate Behavior ::run [ RunTime:0.009000s ]
INFO: [ view_parse ] --END-- [ RunTime:0.009119s ]
INFO: [ view_filter ] --START--
INFO: ContentReplace Behavior ::run [ RunTime:0.000619s ]
INFO: TokenBuild Behavior ::run [ RunTime:0.000536s ]
INFO: WriteHtmlCache Behavior ::run [ RunTime:0.000401s ]
INFO: ShowRuntime Behavior ::run [ RunTime:0.000629s ]
INFO: [ view_filter ] --END-- [ RunTime:0.002443s ]
INFO: [ view_end ] --START--
INFO: ShowPageTrace Behavior ::run [ RunTime:0.000690s ]
INFO: [ view_end ] --END-- [ RunTime:0.000793s ]

[ 2014-03-21T13:16:29+08:00 ] 127.0.0.1 /cdms/index.php/Food/index/Food/update
INFO: [ route_check ] --START--
INFO: CheckRoute Behavior ::run [ RunTime:0.001720s ]
INFO: [ route_check ] --END-- [ RunTime:0.001871s ]
INFO: [ app_begin ] --START--
INFO: ReadHtmlCache Behavior ::run [ RunTime:0.001360s ]
INFO: [ app_begin ] --END-- [ RunTime:0.001703s ]
NOTIC: [8] Undefined index: food_id D:\Web\wamp\www\cdms\home\Lib\Action\FoodAction.class.php 第 16 行.
INFO: [ view_parse ] --START--
INFO: ParseTemplate Behavior ::run [ RunTime:0.007992s ]
INFO: [ view_parse ] --END-- [ RunTime:0.008155s ]
INFO: [ view_filter ] --START--
INFO: ContentReplace Behavior ::run [ RunTime:0.000596s ]
INFO: TokenBuild Behavior ::run [ RunTime:0.001112s ]
INFO: WriteHtmlCache Behavior ::run [ RunTime:0.000533s ]
INFO: ShowRuntime Behavior ::run [ RunTime:0.000766s ]
INFO: [ view_filter ] --END-- [ RunTime:0.003529s ]
INFO: [ view_end ] --START--
INFO: ShowPageTrace Behavior ::run [ RunTime:0.001524s ]
INFO: [ view_end ] --END-- [ RunTime:0.001732s ]

