[ 2014-02-28T12:53:55+08:00 ] 127.0.0.1 /cdms/index.php/User/login
INFO: [ route_check ] --START--
INFO: CheckRoute Behavior ::run [ RunTime:0.016745s ]
INFO: [ route_check ] --END-- [ RunTime:0.016975s ]
INFO: [ app_begin ] --START--
INFO: ReadHtmlCache Behavior ::run [ RunTime:0.022636s ]
INFO: [ app_begin ] --END-- [ RunTime:0.022827s ]
NOTIC: [8] Undefined index: name D:\Web\wamp\www\cdms\home\Lib\Action\UserAction.class.php 第 10 行.
INFO: [ view_parse ] --START--
INFO: ParseTemplate Behavior ::run [ RunTime:0.093515s ]
INFO: [ view_parse ] --END-- [ RunTime:0.093877s ]
INFO: [ view_filter ] --START--
INFO: ContentReplace Behavior ::run [ RunTime:0.016595s ]
INFO: TokenBuild Behavior ::run [ RunTime:0.006602s ]
INFO: WriteHtmlCache Behavior ::run [ RunTime:0.005529s ]
INFO: ShowRuntime Behavior ::run [ RunTime:0.006610s ]
INFO: [ view_filter ] --END-- [ RunTime:0.035857s ]
INFO: [ view_end ] --START--
INFO: ShowPageTrace Behavior ::run [ RunTime:0.005601s ]
INFO: [ view_end ] --END-- [ RunTime:0.005796s ]

[ 2014-02-28T12:53:55+08:00 ] 127.0.0.1 /cdms/index.php/User/images/Cursor.cur
INFO: [ route_check ] --START--
INFO: CheckRoute Behavior ::run [ RunTime:0.003055s ]
INFO: [ route_check ] --END-- [ RunTime:0.003463s ]
INFO: [ app_begin ] --START--
INFO: ReadHtmlCache Behavior ::run [ RunTime:0.001461s ]
INFO: [ app_begin ] --END-- [ RunTime:0.001764s ]
ERR: 非法操作:images

