[ 2014-06-16T23:16:07+08:00 ] 0.0.0.0 /cdms/
INFO: [ app_begin ] --START--
INFO: ReadHtmlCache Behavior ::run [ RunTime:0.059581s ]
INFO: [ app_begin ] --END-- [ RunTime:0.059739s ]
SQL: SHOW COLUMNS FROM `think_user` [ RunTime:0.370324s ]
SQL: SHOW COLUMNS FROM `think_food` [ RunTime:0.025773s ]
SQL: SELECT * FROM `think_food` ORDER BY click DESC  [ RunTime:0.089025s ]
INFO: [ view_parse ] --START--
NOTIC: [8] Undefined variable: user_id G:\xampp\htdocs\cdms\home\Runtime\Cache\80dd983517065d027eae9116806de03a.php 第 168 行.
NOTIC: [8] Undefined variable: icon G:\xampp\htdocs\cdms\home\Runtime\Cache\80dd983517065d027eae9116806de03a.php 第 185 行.
NOTIC: [8] Undefined variable: user_name G:\xampp\htdocs\cdms\home\Runtime\Cache\80dd983517065d027eae9116806de03a.php 第 185 行.
NOTIC: [8] Use of undefined constant id - assumed 'id' G:\xampp\htdocs\cdms\home\Runtime\Cache\80dd983517065d027eae9116806de03a.php 第 226 行.
NOTIC: [8] Use of undefined constant name - assumed 'name' G:\xampp\htdocs\cdms\home\Runtime\Cache\80dd983517065d027eae9116806de03a.php 第 226 行.
NOTIC: [8] Use of undefined constant id - assumed 'id' G:\xampp\htdocs\cdms\home\Runtime\Cache\80dd983517065d027eae9116806de03a.php 第 226 行.
NOTIC: [8] Use of undefined constant name - assumed 'name' G:\xampp\htdocs\cdms\home\Runtime\Cache\80dd983517065d027eae9116806de03a.php 第 226 行.
NOTIC: [8] Use of undefined constant id - assumed 'id' G:\xampp\htdocs\cdms\home\Runtime\Cache\80dd983517065d027eae9116806de03a.php 第 227 行.
NOTIC: [8] Use of undefined constant name - assumed 'name' G:\xampp\htdocs\cdms\home\Runtime\Cache\80dd983517065d027eae9116806de03a.php 第 227 行.
NOTIC: [8] Use of undefined constant id - assumed 'id' G:\xampp\htdocs\cdms\home\Runtime\Cache\80dd983517065d027eae9116806de03a.php 第 227 行.
NOTIC: [8] Use of undefined constant name - assumed 'name' G:\xampp\htdocs\cdms\home\Runtime\Cache\80dd983517065d027eae9116806de03a.php 第 227 行.
INFO: ParseTemplate Behavior ::run [ RunTime:0.128926s ]
INFO: [ view_parse ] --END-- [ RunTime:0.129017s ]
INFO: [ view_filter ] --START--
INFO: ContentReplace Behavior ::run [ RunTime:0.014821s ]
INFO: TokenBuild Behavior ::run [ RunTime:0.000882s ]
INFO: WriteHtmlCache Behavior ::run [ RunTime:0.000590s ]
INFO: ShowRuntime Behavior ::run [ RunTime:0.000891s ]
INFO: [ view_filter ] --END-- [ RunTime:0.017318s ]
INFO: [ view_end ] --START--
INFO: ShowPageTrace Behavior ::run [ RunTime:0.000944s ]
INFO: [ view_end ] --END-- [ RunTime:0.000997s ]

[ 2014-06-16T23:16:45+08:00 ] 0.0.0.0 /cdms/
INFO: [ app_begin ] --START--
INFO: ReadHtmlCache Behavior ::run [ RunTime:0.001501s ]
INFO: [ app_begin ] --END-- [ RunTime:0.001675s ]
SQL: SHOW COLUMNS FROM `think_user` [ RunTime:0.002879s ]
SQL: SHOW COLUMNS FROM `think_food` [ RunTime:0.002490s ]
SQL: SELECT * FROM `think_food` ORDER BY click DESC  [ RunTime:0.000433s ]
INFO: [ view_parse ] --START--
NOTIC: [8] Undefined variable: user_id G:\xampp\htdocs\cdms\home\Runtime\Cache\80dd983517065d027eae9116806de03a.php 第 168 行.
NOTIC: [8] Undefined variable: icon G:\xampp\htdocs\cdms\home\Runtime\Cache\80dd983517065d027eae9116806de03a.php 第 185 行.
NOTIC: [8] Undefined variable: user_name G:\xampp\htdocs\cdms\home\Runtime\Cache\80dd983517065d027eae9116806de03a.php 第 185 行.
NOTIC: [8] Use of undefined constant id - assumed 'id' G:\xampp\htdocs\cdms\home\Runtime\Cache\80dd983517065d027eae9116806de03a.php 第 226 行.
NOTIC: [8] Use of undefined constant name - assumed 'name' G:\xampp\htdocs\cdms\home\Runtime\Cache\80dd983517065d027eae9116806de03a.php 第 226 行.
NOTIC: [8] Use of undefined constant id - assumed 'id' G:\xampp\htdocs\cdms\home\Runtime\Cache\80dd983517065d027eae9116806de03a.php 第 226 行.
NOTIC: [8] Use of undefined constant name - assumed 'name' G:\xampp\htdocs\cdms\home\Runtime\Cache\80dd983517065d027eae9116806de03a.php 第 226 行.
NOTIC: [8] Use of undefined constant id - assumed 'id' G:\xampp\htdocs\cdms\home\Runtime\Cache\80dd983517065d027eae9116806de03a.php 第 227 行.
NOTIC: [8] Use of undefined constant name - assumed 'name' G:\xampp\htdocs\cdms\home\Runtime\Cache\80dd983517065d027eae9116806de03a.php 第 227 行.
NOTIC: [8] Use of undefined constant id - assumed 'id' G:\xampp\htdocs\cdms\home\Runtime\Cache\80dd983517065d027eae9116806de03a.php 第 227 行.
NOTIC: [8] Use of undefined constant name - assumed 'name' G:\xampp\htdocs\cdms\home\Runtime\Cache\80dd983517065d027eae9116806de03a.php 第 227 行.
INFO: ParseTemplate Behavior ::run [ RunTime:0.023161s ]
INFO: [ view_parse ] --END-- [ RunTime:0.023208s ]
INFO: [ view_filter ] --START--
INFO: ContentReplace Behavior ::run [ RunTime:0.000460s ]
INFO: TokenBuild Behavior ::run [ RunTime:0.000515s ]
INFO: WriteHtmlCache Behavior ::run [ RunTime:0.000509s ]
INFO: ShowRuntime Behavior ::run [ RunTime:0.000499s ]
INFO: [ view_filter ] --END-- [ RunTime:0.002115s ]
INFO: [ view_end ] --START--
INFO: ShowPageTrace Behavior ::run [ RunTime:0.000600s ]
INFO: [ view_end ] --END-- [ RunTime:0.000642s ]

[ 2014-06-16T23:17:04+08:00 ] 0.0.0.0 /cdms/
INFO: [ app_begin ] --START--
INFO: ReadHtmlCache Behavior ::run [ RunTime:0.000833s ]
INFO: [ app_begin ] --END-- [ RunTime:0.000915s ]
SQL: SHOW COLUMNS FROM `think_user` [ RunTime:0.003701s ]
SQL: SHOW COLUMNS FROM `think_food` [ RunTime:0.002982s ]
SQL: SELECT * FROM `think_food` ORDER BY click DESC  [ RunTime:0.000541s ]
INFO: [ view_parse ] --START--
NOTIC: [8] Undefined variable: user_id G:\xampp\htdocs\cdms\home\Runtime\Cache\80dd983517065d027eae9116806de03a.php 第 168 行.
NOTIC: [8] Undefined variable: icon G:\xampp\htdocs\cdms\home\Runtime\Cache\80dd983517065d027eae9116806de03a.php 第 185 行.
NOTIC: [8] Undefined variable: user_name G:\xampp\htdocs\cdms\home\Runtime\Cache\80dd983517065d027eae9116806de03a.php 第 185 行.
NOTIC: [8] Use of undefined constant id - assumed 'id' G:\xampp\htdocs\cdms\home\Runtime\Cache\80dd983517065d027eae9116806de03a.php 第 226 行.
NOTIC: [8] Use of undefined constant name - assumed 'name' G:\xampp\htdocs\cdms\home\Runtime\Cache\80dd983517065d027eae9116806de03a.php 第 226 行.
NOTIC: [8] Use of undefined constant id - assumed 'id' G:\xampp\htdocs\cdms\home\Runtime\Cache\80dd983517065d027eae9116806de03a.php 第 226 行.
NOTIC: [8] Use of undefined constant name - assumed 'name' G:\xampp\htdocs\cdms\home\Runtime\Cache\80dd983517065d027eae9116806de03a.php 第 226 行.
NOTIC: [8] Use of undefined constant id - assumed 'id' G:\xampp\htdocs\cdms\home\Runtime\Cache\80dd983517065d027eae9116806de03a.php 第 227 行.
NOTIC: [8] Use of undefined constant name - assumed 'name' G:\xampp\htdocs\cdms\home\Runtime\Cache\80dd983517065d027eae9116806de03a.php 第 227 行.
NOTIC: [8] Use of undefined constant id - assumed 'id' G:\xampp\htdocs\cdms\home\Runtime\Cache\80dd983517065d027eae9116806de03a.php 第 227 行.
NOTIC: [8] Use of undefined constant name - assumed 'name' G:\xampp\htdocs\cdms\home\Runtime\Cache\80dd983517065d027eae9116806de03a.php 第 227 行.
INFO: ParseTemplate Behavior ::run [ RunTime:0.010167s ]
INFO: [ view_parse ] --END-- [ RunTime:0.010221s ]
INFO: [ view_filter ] --START--
INFO: ContentReplace Behavior ::run [ RunTime:0.000593s ]
INFO: TokenBuild Behavior ::run [ RunTime:0.000493s ]
INFO: WriteHtmlCache Behavior ::run [ RunTime:0.000407s ]
INFO: ShowRuntime Behavior ::run [ RunTime:0.000546s ]
INFO: [ view_filter ] --END-- [ RunTime:0.002160s ]
INFO: [ view_end ] --START--
INFO: ShowPageTrace Behavior ::run [ RunTime:0.000771s ]
INFO: [ view_end ] --END-- [ RunTime:0.000824s ]

[ 2014-06-16T23:17:50+08:00 ] 0.0.0.0 /cdms/
INFO: [ app_begin ] --START--
INFO: ReadHtmlCache Behavior ::run [ RunTime:0.001135s ]
INFO: [ app_begin ] --END-- [ RunTime:0.001238s ]
SQL: SHOW COLUMNS FROM `think_user` [ RunTime:0.004875s ]
SQL: SHOW COLUMNS FROM `think_food` [ RunTime:0.005141s ]
SQL: SELECT * FROM `think_food` ORDER BY click DESC  [ RunTime:0.000788s ]
INFO: [ view_parse ] --START--
NOTIC: [8] Undefined variable: user_id G:\xampp\htdocs\cdms\home\Runtime\Cache\80dd983517065d027eae9116806de03a.php 第 168 行.
NOTIC: [8] Undefined variable: icon G:\xampp\htdocs\cdms\home\Runtime\Cache\80dd983517065d027eae9116806de03a.php 第 185 行.
NOTIC: [8] Undefined variable: user_name G:\xampp\htdocs\cdms\home\Runtime\Cache\80dd983517065d027eae9116806de03a.php 第 185 行.
NOTIC: [8] Use of undefined constant id - assumed 'id' G:\xampp\htdocs\cdms\home\Runtime\Cache\80dd983517065d027eae9116806de03a.php 第 226 行.
NOTIC: [8] Use of undefined constant name - assumed 'name' G:\xampp\htdocs\cdms\home\Runtime\Cache\80dd983517065d027eae9116806de03a.php 第 226 行.
NOTIC: [8] Use of undefined constant id - assumed 'id' G:\xampp\htdocs\cdms\home\Runtime\Cache\80dd983517065d027eae9116806de03a.php 第 226 行.
NOTIC: [8] Use of undefined constant name - assumed 'name' G:\xampp\htdocs\cdms\home\Runtime\Cache\80dd983517065d027eae9116806de03a.php 第 226 行.
NOTIC: [8] Use of undefined constant id - assumed 'id' G:\xampp\htdocs\cdms\home\Runtime\Cache\80dd983517065d027eae9116806de03a.php 第 227 行.
NOTIC: [8] Use of undefined constant name - assumed 'name' G:\xampp\htdocs\cdms\home\Runtime\Cache\80dd983517065d027eae9116806de03a.php 第 227 行.
NOTIC: [8] Use of undefined constant id - assumed 'id' G:\xampp\htdocs\cdms\home\Runtime\Cache\80dd983517065d027eae9116806de03a.php 第 227 行.
NOTIC: [8] Use of undefined constant name - assumed 'name' G:\xampp\htdocs\cdms\home\Runtime\Cache\80dd983517065d027eae9116806de03a.php 第 227 行.
INFO: ParseTemplate Behavior ::run [ RunTime:0.016299s ]
INFO: [ view_parse ] --END-- [ RunTime:0.016372s ]
INFO: [ view_filter ] --START--
INFO: ContentReplace Behavior ::run [ RunTime:0.000678s ]
INFO: TokenBuild Behavior ::run [ RunTime:0.000507s ]
INFO: WriteHtmlCache Behavior ::run [ RunTime:0.000738s ]
INFO: ShowRuntime Behavior ::run [ RunTime:0.000511s ]
INFO: [ view_filter ] --END-- [ RunTime:0.002558s ]
INFO: [ view_end ] --START--
INFO: ShowPageTrace Behavior ::run [ RunTime:0.000653s ]
INFO: [ view_end ] --END-- [ RunTime:0.000701s ]

[ 2014-06-16T23:17:58+08:00 ] 0.0.0.0 /cdms/
INFO: [ app_begin ] --START--
INFO: ReadHtmlCache Behavior ::run [ RunTime:0.001185s ]
INFO: [ app_begin ] --END-- [ RunTime:0.001281s ]
SQL: SHOW COLUMNS FROM `think_user` [ RunTime:0.003785s ]
SQL: SHOW COLUMNS FROM `think_food` [ RunTime:0.003451s ]
SQL: SELECT * FROM `think_food` ORDER BY click DESC  [ RunTime:0.000968s ]
INFO: [ view_parse ] --START--
NOTIC: [8] Undefined variable: user_id G:\xampp\htdocs\cdms\home\Runtime\Cache\80dd983517065d027eae9116806de03a.php 第 168 行.
NOTIC: [8] Undefined variable: icon G:\xampp\htdocs\cdms\home\Runtime\Cache\80dd983517065d027eae9116806de03a.php 第 185 行.
NOTIC: [8] Undefined variable: user_name G:\xampp\htdocs\cdms\home\Runtime\Cache\80dd983517065d027eae9116806de03a.php 第 185 行.
NOTIC: [8] Use of undefined constant id - assumed 'id' G:\xampp\htdocs\cdms\home\Runtime\Cache\80dd983517065d027eae9116806de03a.php 第 226 行.
NOTIC: [8] Use of undefined constant name - assumed 'name' G:\xampp\htdocs\cdms\home\Runtime\Cache\80dd983517065d027eae9116806de03a.php 第 226 行.
NOTIC: [8] Use of undefined constant id - assumed 'id' G:\xampp\htdocs\cdms\home\Runtime\Cache\80dd983517065d027eae9116806de03a.php 第 226 行.
NOTIC: [8] Use of undefined constant name - assumed 'name' G:\xampp\htdocs\cdms\home\Runtime\Cache\80dd983517065d027eae9116806de03a.php 第 226 行.
NOTIC: [8] Use of undefined constant id - assumed 'id' G:\xampp\htdocs\cdms\home\Runtime\Cache\80dd983517065d027eae9116806de03a.php 第 227 行.
NOTIC: [8] Use of undefined constant name - assumed 'name' G:\xampp\htdocs\cdms\home\Runtime\Cache\80dd983517065d027eae9116806de03a.php 第 227 行.
NOTIC: [8] Use of undefined constant id - assumed 'id' G:\xampp\htdocs\cdms\home\Runtime\Cache\80dd983517065d027eae9116806de03a.php 第 227 行.
NOTIC: [8] Use of undefined constant name - assumed 'name' G:\xampp\htdocs\cdms\home\Runtime\Cache\80dd983517065d027eae9116806de03a.php 第 227 行.
INFO: ParseTemplate Behavior ::run [ RunTime:0.017204s ]
INFO: [ view_parse ] --END-- [ RunTime:0.017279s ]
INFO: [ view_filter ] --START--
INFO: ContentReplace Behavior ::run [ RunTime:0.000840s ]
INFO: TokenBuild Behavior ::run [ RunTime:0.000697s ]
INFO: WriteHtmlCache Behavior ::run [ RunTime:0.000597s ]
INFO: ShowRuntime Behavior ::run [ RunTime:0.000546s ]
INFO: [ view_filter ] --END-- [ RunTime:0.002841s ]
INFO: [ view_end ] --START--
INFO: ShowPageTrace Behavior ::run [ RunTime:0.000998s ]
INFO: [ view_end ] --END-- [ RunTime:0.001057s ]

[ 2014-06-16T23:18:24+08:00 ] 0.0.0.0 /cdms/
INFO: [ app_begin ] --START--
INFO: ReadHtmlCache Behavior ::run [ RunTime:0.000532s ]
INFO: [ app_begin ] --END-- [ RunTime:0.000589s ]
SQL: SHOW COLUMNS FROM `think_user` [ RunTime:0.037869s ]
SQL: SHOW COLUMNS FROM `think_food` [ RunTime:0.003701s ]
SQL: SELECT * FROM `think_food` ORDER BY click DESC  [ RunTime:0.000775s ]
INFO: [ view_parse ] --START--
NOTIC: [8] Undefined variable: user_id G:\xampp\htdocs\cdms\home\Runtime\Cache\80dd983517065d027eae9116806de03a.php 第 168 行.
NOTIC: [8] Undefined variable: icon G:\xampp\htdocs\cdms\home\Runtime\Cache\80dd983517065d027eae9116806de03a.php 第 185 行.
NOTIC: [8] Undefined variable: user_name G:\xampp\htdocs\cdms\home\Runtime\Cache\80dd983517065d027eae9116806de03a.php 第 185 行.
NOTIC: [8] Use of undefined constant id - assumed 'id' G:\xampp\htdocs\cdms\home\Runtime\Cache\80dd983517065d027eae9116806de03a.php 第 226 行.
NOTIC: [8] Use of undefined constant name - assumed 'name' G:\xampp\htdocs\cdms\home\Runtime\Cache\80dd983517065d027eae9116806de03a.php 第 226 行.
NOTIC: [8] Use of undefined constant id - assumed 'id' G:\xampp\htdocs\cdms\home\Runtime\Cache\80dd983517065d027eae9116806de03a.php 第 226 行.
NOTIC: [8] Use of undefined constant name - assumed 'name' G:\xampp\htdocs\cdms\home\Runtime\Cache\80dd983517065d027eae9116806de03a.php 第 226 行.
NOTIC: [8] Use of undefined constant id - assumed 'id' G:\xampp\htdocs\cdms\home\Runtime\Cache\80dd983517065d027eae9116806de03a.php 第 227 行.
NOTIC: [8] Use of undefined constant name - assumed 'name' G:\xampp\htdocs\cdms\home\Runtime\Cache\80dd983517065d027eae9116806de03a.php 第 227 行.
NOTIC: [8] Use of undefined constant id - assumed 'id' G:\xampp\htdocs\cdms\home\Runtime\Cache\80dd983517065d027eae9116806de03a.php 第 227 行.
NOTIC: [8] Use of undefined constant name - assumed 'name' G:\xampp\htdocs\cdms\home\Runtime\Cache\80dd983517065d027eae9116806de03a.php 第 227 行.
INFO: ParseTemplate Behavior ::run [ RunTime:0.019306s ]
INFO: [ view_parse ] --END-- [ RunTime:0.019370s ]
INFO: [ view_filter ] --START--
INFO: ContentReplace Behavior ::run [ RunTime:0.000595s ]
INFO: TokenBuild Behavior ::run [ RunTime:0.000506s ]
INFO: WriteHtmlCache Behavior ::run [ RunTime:0.000406s ]
INFO: ShowRuntime Behavior ::run [ RunTime:0.000592s ]
INFO: [ view_filter ] --END-- [ RunTime:0.002250s ]
INFO: [ view_end ] --START--
INFO: ShowPageTrace Behavior ::run [ RunTime:0.000926s ]
INFO: [ view_end ] --END-- [ RunTime:0.000997s ]

[ 2014-06-16T23:22:51+08:00 ] 0.0.0.0 /cdms/index.php/User/login.html
INFO: [ route_check ] --START--
INFO: CheckRoute Behavior ::run [ RunTime:0.020576s ]
INFO: [ route_check ] --END-- [ RunTime:0.020686s ]
INFO: [ app_begin ] --START--
INFO: ReadHtmlCache Behavior ::run [ RunTime:0.001178s ]
INFO: [ app_begin ] --END-- [ RunTime:0.001243s ]
NOTIC: [8] Undefined index: name G:\xampp\htdocs\cdms\home\Lib\Action\UserAction.class.php 第 10 行.
INFO: [ view_parse ] --START--
INFO: ParseTemplate Behavior ::run [ RunTime:0.011066s ]
INFO: [ view_parse ] --END-- [ RunTime:0.011150s ]
INFO: [ view_filter ] --START--
INFO: ContentReplace Behavior ::run [ RunTime:0.000791s ]
INFO: TokenBuild Behavior ::run [ RunTime:0.000725s ]
INFO: WriteHtmlCache Behavior ::run [ RunTime:0.000632s ]
INFO: ShowRuntime Behavior ::run [ RunTime:0.000812s ]
INFO: [ view_filter ] --END-- [ RunTime:0.003175s ]
INFO: [ view_end ] --START--
INFO: ShowPageTrace Behavior ::run [ RunTime:0.006572s ]
INFO: [ view_end ] --END-- [ RunTime:0.006636s ]

[ 2014-06-16T23:22:51+08:00 ] 0.0.0.0 /cdms/index.php/User/images/Cursor.cur
INFO: [ route_check ] --START--
INFO: CheckRoute Behavior ::run [ RunTime:0.001194s ]
INFO: [ route_check ] --END-- [ RunTime:0.001265s ]
INFO: [ app_begin ] --START--
INFO: ReadHtmlCache Behavior ::run [ RunTime:0.000626s ]
INFO: [ app_begin ] --END-- [ RunTime:0.000671s ]
ERR: 非法操作:images

[ 2014-06-16T23:23:22+08:00 ] 0.0.0.0 /cdms/index.php/User/login.html
INFO: [ route_check ] --START--
INFO: CheckRoute Behavior ::run [ RunTime:0.001281s ]
INFO: [ route_check ] --END-- [ RunTime:0.001377s ]
INFO: [ app_begin ] --START--
INFO: ReadHtmlCache Behavior ::run [ RunTime:0.000941s ]
INFO: [ app_begin ] --END-- [ RunTime:0.001018s ]
NOTIC: [8] Undefined index: name G:\xampp\htdocs\cdms\home\Lib\Action\UserAction.class.php 第 10 行.
INFO: [ view_parse ] --START--
INFO: ParseTemplate Behavior ::run [ RunTime:0.009211s ]
INFO: [ view_parse ] --END-- [ RunTime:0.009294s ]
INFO: [ view_filter ] --START--
INFO: ContentReplace Behavior ::run [ RunTime:0.001470s ]
INFO: TokenBuild Behavior ::run [ RunTime:0.000788s ]
INFO: WriteHtmlCache Behavior ::run [ RunTime:0.000670s ]
INFO: ShowRuntime Behavior ::run [ RunTime:0.000819s ]
INFO: [ view_filter ] --END-- [ RunTime:0.003938s ]
INFO: [ view_end ] --START--
INFO: ShowPageTrace Behavior ::run [ RunTime:0.000987s ]
INFO: [ view_end ] --END-- [ RunTime:0.001065s ]

[ 2014-06-16T23:23:23+08:00 ] 0.0.0.0 /cdms/index.php/User/images/Cursor.cur
INFO: [ route_check ] --START--
INFO: CheckRoute Behavior ::run [ RunTime:0.001258s ]
INFO: [ route_check ] --END-- [ RunTime:0.001333s ]
INFO: [ app_begin ] --START--
INFO: ReadHtmlCache Behavior ::run [ RunTime:0.001015s ]
INFO: [ app_begin ] --END-- [ RunTime:0.001088s ]
ERR: 非法操作:images

[ 2014-06-16T23:23:30+08:00 ] 0.0.0.0 /cdms/index.php/User/login.html
INFO: [ route_check ] --START--
INFO: CheckRoute Behavior ::run [ RunTime:0.001120s ]
INFO: [ route_check ] --END-- [ RunTime:0.001198s ]
INFO: [ app_begin ] --START--
INFO: ReadHtmlCache Behavior ::run [ RunTime:0.000656s ]
INFO: [ app_begin ] --END-- [ RunTime:0.000711s ]
NOTIC: [8] Undefined index: name G:\xampp\htdocs\cdms\home\Lib\Action\UserAction.class.php 第 10 行.
INFO: [ view_parse ] --START--
INFO: ParseTemplate Behavior ::run [ RunTime:0.008217s ]
INFO: [ view_parse ] --END-- [ RunTime:0.008298s ]
INFO: [ view_filter ] --START--
INFO: ContentReplace Behavior ::run [ RunTime:0.000515s ]
INFO: TokenBuild Behavior ::run [ RunTime:0.000481s ]
INFO: WriteHtmlCache Behavior ::run [ RunTime:0.000372s ]
INFO: ShowRuntime Behavior ::run [ RunTime:0.000562s ]
INFO: [ view_filter ] --END-- [ RunTime:0.002087s ]
INFO: [ view_end ] --START--
INFO: ShowPageTrace Behavior ::run [ RunTime:0.000731s ]
INFO: [ view_end ] --END-- [ RunTime:0.000786s ]

[ 2014-06-16T23:23:30+08:00 ] 0.0.0.0 /cdms/index.php/User/images/Cursor.cur
INFO: [ route_check ] --START--
INFO: CheckRoute Behavior ::run [ RunTime:0.001322s ]
INFO: [ route_check ] --END-- [ RunTime:0.001433s ]
INFO: [ app_begin ] --START--
INFO: ReadHtmlCache Behavior ::run [ RunTime:0.001024s ]
INFO: [ app_begin ] --END-- [ RunTime:0.001102s ]
ERR: 非法操作:images

[ 2014-06-16T23:23:39+08:00 ] 0.0.0.0 /cdms/index.php/User/login.html
INFO: [ route_check ] --START--
INFO: CheckRoute Behavior ::run [ RunTime:0.000879s ]
INFO: [ route_check ] --END-- [ RunTime:0.000936s ]
INFO: [ app_begin ] --START--
INFO: ReadHtmlCache Behavior ::run [ RunTime:0.000645s ]
INFO: [ app_begin ] --END-- [ RunTime:0.000685s ]
NOTIC: [8] Undefined index: name G:\xampp\htdocs\cdms\home\Lib\Action\UserAction.class.php 第 10 行.
INFO: [ view_parse ] --START--
INFO: ParseTemplate Behavior ::run [ RunTime:0.007422s ]
INFO: [ view_parse ] --END-- [ RunTime:0.007484s ]
INFO: [ view_filter ] --START--
INFO: ContentReplace Behavior ::run [ RunTime:0.000537s ]
INFO: TokenBuild Behavior ::run [ RunTime:0.000578s ]
INFO: WriteHtmlCache Behavior ::run [ RunTime:0.000453s ]
INFO: ShowRuntime Behavior ::run [ RunTime:0.000553s ]
INFO: [ view_filter ] --END-- [ RunTime:0.002235s ]
INFO: [ view_end ] --START--
INFO: ShowPageTrace Behavior ::run [ RunTime:0.000629s ]
INFO: [ view_end ] --END-- [ RunTime:0.000667s ]

[ 2014-06-16T23:23:39+08:00 ] 0.0.0.0 /cdms/index.php/User/images/Cursor.cur
INFO: [ route_check ] --START--
INFO: CheckRoute Behavior ::run [ RunTime:0.000861s ]
INFO: [ route_check ] --END-- [ RunTime:0.000918s ]
INFO: [ app_begin ] --START--
INFO: ReadHtmlCache Behavior ::run [ RunTime:0.000594s ]
INFO: [ app_begin ] --END-- [ RunTime:0.000634s ]
ERR: 非法操作:images

