[ 2014-03-15T04:01:54+08:00 ] 127.0.0.1 /cdms/
INFO: [ app_begin ] --START--
INFO: ReadHtmlCache Behavior ::run [ RunTime:0.015038s ]
INFO: [ app_begin ] --END-- [ RunTime:0.037058s ]
INFO: [ view_parse ] --START--
INFO: ParseTemplate Behavior ::run [ RunTime:0.142169s ]
INFO: [ view_parse ] --END-- [ RunTime:0.142330s ]
INFO: [ view_filter ] --START--
INFO: ContentReplace Behavior ::run [ RunTime:0.010939s ]
INFO: TokenBuild Behavior ::run [ RunTime:0.009204s ]
INFO: WriteHtmlCache Behavior ::run [ RunTime:0.003983s ]
INFO: ShowRuntime Behavior ::run [ RunTime:0.004694s ]
INFO: [ view_filter ] --END-- [ RunTime:0.029172s ]
INFO: [ view_end ] --START--
INFO: ShowPageTrace Behavior ::run [ RunTime:0.025058s ]
INFO: [ view_end ] --END-- [ RunTime:0.025317s ]

[ 2014-03-15T04:02:12+08:00 ] 127.0.0.1 /cdms/index.php/User/login.html
INFO: [ route_check ] --START--
INFO: CheckRoute Behavior ::run [ RunTime:0.022686s ]
INFO: [ route_check ] --END-- [ RunTime:0.022849s ]
INFO: [ app_begin ] --START--
INFO: ReadHtmlCache Behavior ::run [ RunTime:0.000604s ]
INFO: [ app_begin ] --END-- [ RunTime:0.000719s ]
NOTIC: [8] Undefined index: name D:\Web\wamp\www\cdms\home\Lib\Action\UserAction.class.php 第 10 行.
INFO: [ view_parse ] --START--
INFO: ParseTemplate Behavior ::run [ RunTime:0.031798s ]
INFO: [ view_parse ] --END-- [ RunTime:0.032044s ]
INFO: [ view_filter ] --START--
INFO: ContentReplace Behavior ::run [ RunTime:0.000474s ]
INFO: TokenBuild Behavior ::run [ RunTime:0.000433s ]
INFO: WriteHtmlCache Behavior ::run [ RunTime:0.000316s ]
INFO: ShowRuntime Behavior ::run [ RunTime:0.000540s ]
INFO: [ view_filter ] --END-- [ RunTime:0.002035s ]
INFO: [ view_end ] --START--
INFO: ShowPageTrace Behavior ::run [ RunTime:0.000690s ]
INFO: [ view_end ] --END-- [ RunTime:0.000791s ]

[ 2014-03-15T04:02:13+08:00 ] 127.0.0.1 /cdms/index.php/User/images/Cursor.cur
INFO: [ route_check ] --START--
INFO: CheckRoute Behavior ::run [ RunTime:0.001593s ]
INFO: [ route_check ] --END-- [ RunTime:0.001777s ]
INFO: [ app_begin ] --START--
INFO: ReadHtmlCache Behavior ::run [ RunTime:0.000857s ]
INFO: [ app_begin ] --END-- [ RunTime:0.001032s ]
ERR: 非法操作:images

[ 2014-03-15T04:02:26+08:00 ] 127.0.0.1 /cdms/index.php/User/login
INFO: [ route_check ] --START--
INFO: CheckRoute Behavior ::run [ RunTime:0.000936s ]
INFO: [ route_check ] --END-- [ RunTime:0.001073s ]
INFO: [ app_begin ] --START--
INFO: ReadHtmlCache Behavior ::run [ RunTime:0.000548s ]
INFO: [ app_begin ] --END-- [ RunTime:0.000673s ]
SQL: SHOW COLUMNS FROM `think_user` [ RunTime:0.367339s ]
SQL: SELECT * FROM `think_user` WHERE ( `name` = 'user' ) LIMIT 1   [ RunTime:0.089746s ]
NOTIC: [8] A session had already been started - ignoring session_start() D:\Web\wamp\www\cdms\Common\functions.php 第 566 行.

[ 2014-03-15T04:02:26+08:00 ] 127.0.0.1 /cdms/index.php/
INFO: [ route_check ] --START--
INFO: CheckRoute Behavior ::run [ RunTime:0.003628s ]
INFO: [ route_check ] --END-- [ RunTime:0.004179s ]
INFO: [ app_begin ] --START--
INFO: ReadHtmlCache Behavior ::run [ RunTime:0.002744s ]
INFO: [ app_begin ] --END-- [ RunTime:0.003397s ]
INFO: [ view_parse ] --START--
INFO: ParseTemplate Behavior ::run [ RunTime:0.056239s ]
INFO: [ view_parse ] --END-- [ RunTime:0.056683s ]
INFO: [ view_filter ] --START--
INFO: ContentReplace Behavior ::run [ RunTime:0.000915s ]
INFO: TokenBuild Behavior ::run [ RunTime:0.000794s ]
INFO: WriteHtmlCache Behavior ::run [ RunTime:0.000502s ]
INFO: ShowRuntime Behavior ::run [ RunTime:0.000998s ]
INFO: [ view_filter ] --END-- [ RunTime:0.003755s ]
INFO: [ view_end ] --START--
INFO: ShowPageTrace Behavior ::run [ RunTime:0.001529s ]
INFO: [ view_end ] --END-- [ RunTime:0.001737s ]

[ 2014-03-15T04:02:35+08:00 ] 127.0.0.1 /cdms/index.php/Food/index?food_id=1
INFO: [ route_check ] --START--
INFO: CheckRoute Behavior ::run [ RunTime:0.001462s ]
INFO: [ route_check ] --END-- [ RunTime:0.001642s ]
INFO: [ app_begin ] --START--
INFO: ReadHtmlCache Behavior ::run [ RunTime:0.000685s ]
INFO: [ app_begin ] --END-- [ RunTime:0.000802s ]
SQL: SHOW COLUMNS FROM `think_food` [ RunTime:0.083769s ]
SQL: SHOW COLUMNS FROM `think_user` [ RunTime:0.042119s ]
SQL: SHOW COLUMNS FROM `think_comment` [ RunTime:0.073933s ]
SQL: SELECT * FROM `think_food` WHERE ( `id` = 1 ) LIMIT 1   [ RunTime:0.000626s ]
SQL: SELECT * FROM `think_comment` WHERE ( `food_id` = 1 )  [ RunTime:0.012049s ]
SQL: SELECT * FROM `think_user` WHERE ( `id` = 1 ) LIMIT 1   [ RunTime:0.000447s ]
SQL: SELECT * FROM `think_user` WHERE ( `id` = 3 ) LIMIT 1   [ RunTime:0.000410s ]
SQL: SELECT * FROM `think_user` WHERE ( `id` = 3 ) LIMIT 1   [ RunTime:0.000402s ]
NOTIC: [8] Undefined offset: 3 D:\Web\wamp\www\cdms\home\Lib\Action\FoodAction.class.php 第 29 行.
INFO: [ view_parse ] --START--
INFO: ParseTemplate Behavior ::run [ RunTime:0.062930s ]
INFO: [ view_parse ] --END-- [ RunTime:0.063288s ]
INFO: [ view_filter ] --START--
INFO: ContentReplace Behavior ::run [ RunTime:0.001436s ]
INFO: TokenBuild Behavior ::run [ RunTime:0.001286s ]
INFO: WriteHtmlCache Behavior ::run [ RunTime:0.000916s ]
INFO: ShowRuntime Behavior ::run [ RunTime:0.001581s ]
INFO: [ view_filter ] --END-- [ RunTime:0.006147s ]
INFO: [ view_end ] --START--
INFO: ShowPageTrace Behavior ::run [ RunTime:0.001809s ]
INFO: [ view_end ] --END-- [ RunTime:0.002132s ]

