[ 2014-03-23T16:16:21+08:00 ] 127.0.0.1 /cdms/
INFO: [ app_begin ] --START--
INFO: ReadHtmlCache Behavior ::run [ RunTime:0.002319s ]
INFO: [ app_begin ] --END-- [ RunTime:0.028864s ]
SQL: SHOW COLUMNS FROM `think_user` [ RunTime:0.189745s ]
SQL: SHOW COLUMNS FROM `think_food` [ RunTime:0.048884s ]
SQL: SELECT * FROM `think_food` ORDER BY click DESC  [ RunTime:0.121074s ]
INFO: [ view_parse ] --START--
NOTIC: [8] Undefined variable: user_id G:\xampp\htdocs\cdms\home\Runtime\Cache\80dd983517065d027eae9116806de03a.php 第 168 行.
NOTIC: [8] Undefined variable: icon G:\xampp\htdocs\cdms\home\Runtime\Cache\80dd983517065d027eae9116806de03a.php 第 185 行.
NOTIC: [8] Undefined variable: user_name G:\xampp\htdocs\cdms\home\Runtime\Cache\80dd983517065d027eae9116806de03a.php 第 185 行.
NOTIC: [8] Use of undefined constant id - assumed 'id' G:\xampp\htdocs\cdms\home\Runtime\Cache\80dd983517065d027eae9116806de03a.php 第 226 行.
NOTIC: [8] Use of undefined constant name - assumed 'name' G:\xampp\htdocs\cdms\home\Runtime\Cache\80dd983517065d027eae9116806de03a.php 第 226 行.
NOTIC: [8] Use of undefined constant id - assumed 'id' G:\xampp\htdocs\cdms\home\Runtime\Cache\80dd983517065d027eae9116806de03a.php 第 226 行.
NOTIC: [8] Use of undefined constant name - assumed 'name' G:\xampp\htdocs\cdms\home\Runtime\Cache\80dd983517065d027eae9116806de03a.php 第 226 行.
NOTIC: [8] Use of undefined constant id - assumed 'id' G:\xampp\htdocs\cdms\home\Runtime\Cache\80dd983517065d027eae9116806de03a.php 第 227 行.
NOTIC: [8] Use of undefined constant name - assumed 'name' G:\xampp\htdocs\cdms\home\Runtime\Cache\80dd983517065d027eae9116806de03a.php 第 227 行.
NOTIC: [8] Use of undefined constant id - assumed 'id' G:\xampp\htdocs\cdms\home\Runtime\Cache\80dd983517065d027eae9116806de03a.php 第 227 行.
NOTIC: [8] Use of undefined constant name - assumed 'name' G:\xampp\htdocs\cdms\home\Runtime\Cache\80dd983517065d027eae9116806de03a.php 第 227 行.
INFO: ParseTemplate Behavior ::run [ RunTime:0.878762s ]
INFO: [ view_parse ] --END-- [ RunTime:0.878848s ]
INFO: [ view_filter ] --START--
INFO: ContentReplace Behavior ::run [ RunTime:0.057237s ]
INFO: TokenBuild Behavior ::run [ RunTime:0.001767s ]
INFO: WriteHtmlCache Behavior ::run [ RunTime:0.001347s ]
INFO: ShowRuntime Behavior ::run [ RunTime:0.001740s ]
INFO: [ view_filter ] --END-- [ RunTime:0.062372s ]
INFO: [ view_end ] --START--
INFO: ShowPageTrace Behavior ::run [ RunTime:0.001998s ]
INFO: [ view_end ] --END-- [ RunTime:0.002112s ]

[ 2014-03-23T16:16:29+08:00 ] 127.0.0.1 /cdms/index.php/Food/addClick?food_id=1
INFO: [ route_check ] --START--
INFO: CheckRoute Behavior ::run [ RunTime:0.015411s ]
INFO: [ route_check ] --END-- [ RunTime:0.015540s ]
INFO: [ app_begin ] --START--
INFO: ReadHtmlCache Behavior ::run [ RunTime:0.001407s ]
INFO: [ app_begin ] --END-- [ RunTime:0.001530s ]
SQL: SHOW COLUMNS FROM `think_food` [ RunTime:0.007337s ]
SQL: SELECT * FROM `think_food` LIMIT 1   [ RunTime:0.000602s ]
SQL: UPDATE `think_food` SET `name`='陈麻婆豆腐',`introduction`='性价比很高的一家老字号饭店，经典的是他们家的麻婆豆腐， 12元小份，20元大份的，但是所谓的大份也只是很小一盆。豆腐浸润在辣红油中，上面散了一层孜然粉，有一点肉糜和葱，不算太辣，味道很浓。 水煮鱼，鱼肉鲜嫩，入味，但是刺儿多还都是小刺，底料还有绿叶菜和豆芽、老豆腐； 鸡丝凉面，爽口，开胃～ 麻婆豆腐，木有想象的辣，挺油的～ 毛血旺，上面是一层油，底下其实是汤，食材种类很多，很好吃～ 宫保鸡丁，酸甜口味的，花生超级多～ 豌豆尖，挺新鲜的，搭配辣的吃～ 樟茶鸭，很香，有几块皮下脂肪很多有点油腻，但是鸭肉还是很嫩很香的，略微偏咸； 鸡丝凉皮，酸甜辣味道综合，凉皮滑滑嫩嫩的，这道小菜在夏天吃会很赞； 醉豆花，有点类似于上海的水果羹，不过里面放了酒酿和豆腐（原来豆腐还能做甜品），喝起来并不是很甜；',`image`='/cdms/Public/images/1.jpg',`address`=' 1：骡马市店（青羊区西玉龙街197号，电话：028-86754512） 2： 青华路店（青华路10号附10-12号, 电话：028-87317216）    3 ： 文殊院店（文殊坊白云寺街30号） 4：  成都北站店（二环路北三段(成都北站对面)）   5：大石西路店（大石西路80号附89号）',`state`=1,`star`=4,`user_id`=1,`click`=16 WHERE ( `id` = 1 ) [ RunTime:0.292210s ]

[ 2014-03-23T16:16:30+08:00 ] 127.0.0.1 /cdms/index.php/Food/index/food_id/1.html
INFO: [ route_check ] --START--
INFO: CheckRoute Behavior ::run [ RunTime:0.001104s ]
INFO: [ route_check ] --END-- [ RunTime:0.001190s ]
INFO: [ app_begin ] --START--
INFO: ReadHtmlCache Behavior ::run [ RunTime:0.000655s ]
INFO: [ app_begin ] --END-- [ RunTime:0.000716s ]
SQL: SHOW COLUMNS FROM `think_food` [ RunTime:0.007272s ]
SQL: SHOW COLUMNS FROM `think_user` [ RunTime:0.006690s ]
SQL: SHOW COLUMNS FROM `think_comment` [ RunTime:0.086165s ]
SQL: SELECT * FROM `think_food` WHERE ( `id` = 1 ) LIMIT 1   [ RunTime:0.000376s ]
SQL: SELECT * FROM `think_user` WHERE ( `id` = null ) LIMIT 1   [ RunTime:0.000443s ]
SQL: SELECT * FROM `think_comment` WHERE ( `food_id` = 1 )  [ RunTime:0.000300s ]
SQL: SELECT * FROM `think_user` WHERE ( `id` = 1 ) LIMIT 1   [ RunTime:0.000369s ]
SQL: SELECT * FROM `think_user` WHERE ( `id` = 3 ) LIMIT 1   [ RunTime:0.000197s ]
SQL: SELECT * FROM `think_user` WHERE ( `id` = 3 ) LIMIT 1   [ RunTime:0.000191s ]
SQL: SELECT * FROM `think_user` WHERE ( `id` = 8 ) LIMIT 1   [ RunTime:0.000193s ]
SQL: SELECT * FROM `think_user` WHERE ( `id` = 8 ) LIMIT 1   [ RunTime:0.000204s ]
SQL: SELECT * FROM `think_user` WHERE ( `id` = 8 ) LIMIT 1   [ RunTime:0.000217s ]
SQL: SELECT * FROM `think_user` WHERE ( `id` = 8 ) LIMIT 1   [ RunTime:0.000208s ]
NOTIC: [8] Undefined offset: 7 G:\xampp\htdocs\cdms\home\Lib\Action\FoodAction.class.php 第 44 行.
INFO: [ view_parse ] --START--
INFO: ParseTemplate Behavior ::run [ RunTime:0.070331s ]
INFO: [ view_parse ] --END-- [ RunTime:0.070442s ]
INFO: [ view_filter ] --START--
INFO: ContentReplace Behavior ::run [ RunTime:0.001036s ]
INFO: TokenBuild Behavior ::run [ RunTime:0.000942s ]
INFO: WriteHtmlCache Behavior ::run [ RunTime:0.000428s ]
INFO: ShowRuntime Behavior ::run [ RunTime:0.000558s ]
INFO: [ view_filter ] --END-- [ RunTime:0.003243s ]
NOTIC: [2] Cannot modify header information - headers already sent by (output started at G:\xampp\htdocs\cdms\Common\functions.php:97) G:\xampp\htdocs\cdms\Lib\Core\View.class.php 第 95 行.
NOTIC: [2] Cannot modify header information - headers already sent by (output started at G:\xampp\htdocs\cdms\Common\functions.php:97) G:\xampp\htdocs\cdms\Lib\Core\View.class.php 第 96 行.
NOTIC: [2] Cannot modify header information - headers already sent by (output started at G:\xampp\htdocs\cdms\Common\functions.php:97) G:\xampp\htdocs\cdms\Lib\Core\View.class.php 第 97 行.
INFO: [ view_end ] --START--
INFO: ShowPageTrace Behavior ::run [ RunTime:0.000911s ]
INFO: [ view_end ] --END-- [ RunTime:0.000969s ]

[ 2014-03-23T16:16:32+08:00 ] 127.0.0.1 /cdms/index.php/Food/index/food_id/0
INFO: [ route_check ] --START--
INFO: CheckRoute Behavior ::run [ RunTime:0.000916s ]
INFO: [ route_check ] --END-- [ RunTime:0.000981s ]
INFO: [ app_begin ] --START--
INFO: ReadHtmlCache Behavior ::run [ RunTime:0.000497s ]
INFO: [ app_begin ] --END-- [ RunTime:0.000539s ]
SQL: SHOW COLUMNS FROM `think_food` [ RunTime:0.003541s ]
SQL: SHOW COLUMNS FROM `think_user` [ RunTime:0.002701s ]
SQL: SHOW COLUMNS FROM `think_comment` [ RunTime:0.003320s ]
SQL: SELECT * FROM `think_food` WHERE ( `id` = 0 ) LIMIT 1   [ RunTime:0.000280s ]
SQL: SELECT * FROM `think_user` WHERE ( `id` = null ) LIMIT 1   [ RunTime:0.000167s ]
SQL: SELECT * FROM `think_comment` WHERE ( `food_id` = 0 )  [ RunTime:0.000187s ]
INFO: [ view_parse ] --START--
NOTIC: [8] Undefined variable: comment G:\xampp\htdocs\cdms\home\Runtime\Cache\a3007765fa4b3bd7b5cdf84bc6d6e4ef.php 第 93 行.
INFO: ParseTemplate Behavior ::run [ RunTime:0.010894s ]
INFO: [ view_parse ] --END-- [ RunTime:0.010980s ]
INFO: [ view_filter ] --START--
INFO: ContentReplace Behavior ::run [ RunTime:0.000706s ]
INFO: TokenBuild Behavior ::run [ RunTime:0.000562s ]
INFO: WriteHtmlCache Behavior ::run [ RunTime:0.000461s ]
INFO: ShowRuntime Behavior ::run [ RunTime:0.000660s ]
INFO: [ view_filter ] --END-- [ RunTime:0.002556s ]
INFO: [ view_end ] --START--
INFO: ShowPageTrace Behavior ::run [ RunTime:0.000822s ]
INFO: [ view_end ] --END-- [ RunTime:0.000882s ]

[ 2014-03-23T16:21:17+08:00 ] 127.0.0.1 /cdms/index.php/Food/index/food_id/1.html
INFO: [ route_check ] --START--
INFO: CheckRoute Behavior ::run [ RunTime:0.001726s ]
INFO: [ route_check ] --END-- [ RunTime:0.001838s ]
INFO: [ app_begin ] --START--
INFO: ReadHtmlCache Behavior ::run [ RunTime:0.000890s ]
INFO: [ app_begin ] --END-- [ RunTime:0.000978s ]
SQL: SHOW COLUMNS FROM `think_food` [ RunTime:0.007805s ]
SQL: SHOW COLUMNS FROM `think_user` [ RunTime:0.007349s ]
SQL: SHOW COLUMNS FROM `think_comment` [ RunTime:0.006833s ]
SQL: SELECT * FROM `think_food` WHERE ( `id` = 1 ) LIMIT 1   [ RunTime:0.001011s ]
SQL: SELECT * FROM `think_user` WHERE ( `id` = null ) LIMIT 1   [ RunTime:0.000421s ]
SQL: SELECT * FROM `think_comment` WHERE ( `food_id` = 1 )  [ RunTime:0.000494s ]
SQL: SELECT * FROM `think_user` WHERE ( `id` = 1 ) LIMIT 1   [ RunTime:0.000413s ]
SQL: SELECT * FROM `think_user` WHERE ( `id` = 3 ) LIMIT 1   [ RunTime:0.000388s ]
SQL: SELECT * FROM `think_user` WHERE ( `id` = 3 ) LIMIT 1   [ RunTime:0.000387s ]
SQL: SELECT * FROM `think_user` WHERE ( `id` = 8 ) LIMIT 1   [ RunTime:0.000389s ]
SQL: SELECT * FROM `think_user` WHERE ( `id` = 8 ) LIMIT 1   [ RunTime:0.000386s ]
SQL: SELECT * FROM `think_user` WHERE ( `id` = 8 ) LIMIT 1   [ RunTime:0.000384s ]
SQL: SELECT * FROM `think_user` WHERE ( `id` = 8 ) LIMIT 1   [ RunTime:0.000388s ]
NOTIC: [8] Undefined offset: 7 G:\xampp\htdocs\cdms\home\Lib\Action\FoodAction.class.php 第 44 行.
INFO: [ view_parse ] --START--
INFO: ParseTemplate Behavior ::run [ RunTime:0.018794s ]
INFO: [ view_parse ] --END-- [ RunTime:0.018883s ]
INFO: [ view_filter ] --START--
INFO: ContentReplace Behavior ::run [ RunTime:0.000534s ]
INFO: TokenBuild Behavior ::run [ RunTime:0.000676s ]
INFO: WriteHtmlCache Behavior ::run [ RunTime:0.000624s ]
INFO: ShowRuntime Behavior ::run [ RunTime:0.000838s ]
INFO: [ view_filter ] --END-- [ RunTime:0.002822s ]
NOTIC: [2] Cannot modify header information - headers already sent by (output started at G:\xampp\htdocs\cdms\Common\functions.php:97) G:\xampp\htdocs\cdms\Lib\Core\View.class.php 第 95 行.
NOTIC: [2] Cannot modify header information - headers already sent by (output started at G:\xampp\htdocs\cdms\Common\functions.php:97) G:\xampp\htdocs\cdms\Lib\Core\View.class.php 第 96 行.
NOTIC: [2] Cannot modify header information - headers already sent by (output started at G:\xampp\htdocs\cdms\Common\functions.php:97) G:\xampp\htdocs\cdms\Lib\Core\View.class.php 第 97 行.
INFO: [ view_end ] --START--
INFO: ShowPageTrace Behavior ::run [ RunTime:0.002049s ]
INFO: [ view_end ] --END-- [ RunTime:0.002109s ]

[ 2014-03-23T16:21:18+08:00 ] 127.0.0.1 /cdms/index.php/Food/index/food_id/0
INFO: [ route_check ] --START--
INFO: CheckRoute Behavior ::run [ RunTime:0.000761s ]
INFO: [ route_check ] --END-- [ RunTime:0.000824s ]
INFO: [ app_begin ] --START--
INFO: ReadHtmlCache Behavior ::run [ RunTime:0.000493s ]
INFO: [ app_begin ] --END-- [ RunTime:0.000535s ]
SQL: SHOW COLUMNS FROM `think_food` [ RunTime:0.049802s ]
SQL: SHOW COLUMNS FROM `think_user` [ RunTime:0.002874s ]
SQL: SHOW COLUMNS FROM `think_comment` [ RunTime:0.002734s ]
SQL: SELECT * FROM `think_food` WHERE ( `id` = 0 ) LIMIT 1   [ RunTime:0.000279s ]
SQL: SELECT * FROM `think_user` WHERE ( `id` = null ) LIMIT 1   [ RunTime:0.000194s ]
SQL: SELECT * FROM `think_comment` WHERE ( `food_id` = 0 )  [ RunTime:0.000227s ]
INFO: [ view_parse ] --START--
NOTIC: [8] Undefined variable: comment G:\xampp\htdocs\cdms\home\Runtime\Cache\a3007765fa4b3bd7b5cdf84bc6d6e4ef.php 第 93 行.
INFO: ParseTemplate Behavior ::run [ RunTime:0.007621s ]
INFO: [ view_parse ] --END-- [ RunTime:0.007668s ]
INFO: [ view_filter ] --START--
INFO: ContentReplace Behavior ::run [ RunTime:0.000357s ]
INFO: TokenBuild Behavior ::run [ RunTime:0.000317s ]
INFO: WriteHtmlCache Behavior ::run [ RunTime:0.000260s ]
INFO: ShowRuntime Behavior ::run [ RunTime:0.000413s ]
INFO: [ view_filter ] --END-- [ RunTime:0.001456s ]
INFO: [ view_end ] --START--
INFO: ShowPageTrace Behavior ::run [ RunTime:0.000497s ]
INFO: [ view_end ] --END-- [ RunTime:0.000540s ]

[ 2014-03-23T16:21:50+08:00 ] 127.0.0.1 /cdms/index.php/Food/index/food_id/1.html
INFO: [ route_check ] --START--
INFO: CheckRoute Behavior ::run [ RunTime:0.001642s ]
INFO: [ route_check ] --END-- [ RunTime:0.001746s ]
INFO: [ app_begin ] --START--
INFO: ReadHtmlCache Behavior ::run [ RunTime:0.000939s ]
INFO: [ app_begin ] --END-- [ RunTime:0.001018s ]
SQL: SHOW COLUMNS FROM `think_food` [ RunTime:0.004023s ]
SQL: SHOW COLUMNS FROM `think_user` [ RunTime:0.003849s ]
SQL: SHOW COLUMNS FROM `think_comment` [ RunTime:0.003947s ]
SQL: SELECT * FROM `think_food` WHERE ( `id` = 1 ) LIMIT 1   [ RunTime:0.000408s ]
SQL: SELECT * FROM `think_user` WHERE ( `id` = null ) LIMIT 1   [ RunTime:0.000199s ]
SQL: SELECT * FROM `think_comment` WHERE ( `food_id` = 1 )  [ RunTime:0.000247s ]
SQL: SELECT * FROM `think_user` WHERE ( `id` = 1 ) LIMIT 1   [ RunTime:0.000201s ]
SQL: SELECT * FROM `think_user` WHERE ( `id` = 3 ) LIMIT 1   [ RunTime:0.000225s ]
SQL: SELECT * FROM `think_user` WHERE ( `id` = 3 ) LIMIT 1   [ RunTime:0.000174s ]
SQL: SELECT * FROM `think_user` WHERE ( `id` = 8 ) LIMIT 1   [ RunTime:0.000190s ]
SQL: SELECT * FROM `think_user` WHERE ( `id` = 8 ) LIMIT 1   [ RunTime:0.000190s ]
SQL: SELECT * FROM `think_user` WHERE ( `id` = 8 ) LIMIT 1   [ RunTime:0.000179s ]
SQL: SELECT * FROM `think_user` WHERE ( `id` = 8 ) LIMIT 1   [ RunTime:0.000186s ]
NOTIC: [8] Undefined offset: 7 G:\xampp\htdocs\cdms\home\Lib\Action\FoodAction.class.php 第 44 行.
INFO: [ view_parse ] --START--
INFO: ParseTemplate Behavior ::run [ RunTime:0.011342s ]
INFO: [ view_parse ] --END-- [ RunTime:0.011420s ]
INFO: [ view_filter ] --START--
INFO: ContentReplace Behavior ::run [ RunTime:0.000785s ]
INFO: TokenBuild Behavior ::run [ RunTime:0.000449s ]
INFO: WriteHtmlCache Behavior ::run [ RunTime:0.000328s ]
INFO: ShowRuntime Behavior ::run [ RunTime:0.000464s ]
INFO: [ view_filter ] --END-- [ RunTime:0.002154s ]
NOTIC: [2] Cannot modify header information - headers already sent by (output started at G:\xampp\htdocs\cdms\Common\functions.php:97) G:\xampp\htdocs\cdms\Lib\Core\View.class.php 第 95 行.
NOTIC: [2] Cannot modify header information - headers already sent by (output started at G:\xampp\htdocs\cdms\Common\functions.php:97) G:\xampp\htdocs\cdms\Lib\Core\View.class.php 第 96 行.
NOTIC: [2] Cannot modify header information - headers already sent by (output started at G:\xampp\htdocs\cdms\Common\functions.php:97) G:\xampp\htdocs\cdms\Lib\Core\View.class.php 第 97 行.
INFO: [ view_end ] --START--
INFO: ShowPageTrace Behavior ::run [ RunTime:0.000651s ]
INFO: [ view_end ] --END-- [ RunTime:0.000710s ]

[ 2014-03-23T16:21:51+08:00 ] 127.0.0.1 /cdms/index.php/Food/index/food_id/0
INFO: [ route_check ] --START--
INFO: CheckRoute Behavior ::run [ RunTime:0.001110s ]
INFO: [ route_check ] --END-- [ RunTime:0.001199s ]
INFO: [ app_begin ] --START--
INFO: ReadHtmlCache Behavior ::run [ RunTime:0.000708s ]
INFO: [ app_begin ] --END-- [ RunTime:0.000772s ]
SQL: SHOW COLUMNS FROM `think_food` [ RunTime:0.006686s ]
SQL: SHOW COLUMNS FROM `think_user` [ RunTime:0.006112s ]
SQL: SHOW COLUMNS FROM `think_comment` [ RunTime:0.005490s ]
SQL: SELECT * FROM `think_food` WHERE ( `id` = 0 ) LIMIT 1   [ RunTime:0.000654s ]
SQL: SELECT * FROM `think_user` WHERE ( `id` = null ) LIMIT 1   [ RunTime:0.000364s ]
SQL: SELECT * FROM `think_comment` WHERE ( `food_id` = 0 )  [ RunTime:0.000674s ]
INFO: [ view_parse ] --START--
NOTIC: [8] Undefined variable: comment G:\xampp\htdocs\cdms\home\Runtime\Cache\a3007765fa4b3bd7b5cdf84bc6d6e4ef.php 第 93 行.
INFO: ParseTemplate Behavior ::run [ RunTime:0.016462s ]
INFO: [ view_parse ] --END-- [ RunTime:0.016557s ]
INFO: [ view_filter ] --START--
INFO: ContentReplace Behavior ::run [ RunTime:0.000624s ]
INFO: TokenBuild Behavior ::run [ RunTime:0.000544s ]
INFO: WriteHtmlCache Behavior ::run [ RunTime:0.000409s ]
INFO: ShowRuntime Behavior ::run [ RunTime:0.000592s ]
INFO: [ view_filter ] --END-- [ RunTime:0.002621s ]
INFO: [ view_end ] --START--
INFO: ShowPageTrace Behavior ::run [ RunTime:0.000570s ]
INFO: [ view_end ] --END-- [ RunTime:0.000614s ]

[ 2014-03-23T16:22:38+08:00 ] 127.0.0.1 /cdms/index.php/Food/index?food_id=1
INFO: [ route_check ] --START--
INFO: CheckRoute Behavior ::run [ RunTime:0.001843s ]
INFO: [ route_check ] --END-- [ RunTime:0.001946s ]
INFO: [ app_begin ] --START--
INFO: ReadHtmlCache Behavior ::run [ RunTime:0.000795s ]
INFO: [ app_begin ] --END-- [ RunTime:0.000866s ]
SQL: SHOW COLUMNS FROM `think_food` [ RunTime:0.040628s ]
SQL: SHOW COLUMNS FROM `think_user` [ RunTime:0.003697s ]
SQL: SHOW COLUMNS FROM `think_comment` [ RunTime:0.003866s ]
SQL: SELECT * FROM `think_food` WHERE ( `id` = 1 ) LIMIT 1   [ RunTime:0.000379s ]
SQL: SELECT * FROM `think_user` WHERE ( `id` = null ) LIMIT 1   [ RunTime:0.000193s ]
SQL: SELECT * FROM `think_comment` WHERE ( `food_id` = 1 )  [ RunTime:0.000247s ]
SQL: SELECT * FROM `think_user` WHERE ( `id` = 1 ) LIMIT 1   [ RunTime:0.000197s ]
SQL: SELECT * FROM `think_user` WHERE ( `id` = 3 ) LIMIT 1   [ RunTime:0.000216s ]
SQL: SELECT * FROM `think_user` WHERE ( `id` = 3 ) LIMIT 1   [ RunTime:0.000191s ]
SQL: SELECT * FROM `think_user` WHERE ( `id` = 8 ) LIMIT 1   [ RunTime:0.000195s ]
SQL: SELECT * FROM `think_user` WHERE ( `id` = 8 ) LIMIT 1   [ RunTime:0.000182s ]
SQL: SELECT * FROM `think_user` WHERE ( `id` = 8 ) LIMIT 1   [ RunTime:0.000180s ]
SQL: SELECT * FROM `think_user` WHERE ( `id` = 8 ) LIMIT 1   [ RunTime:0.000189s ]
NOTIC: [8] Undefined offset: 7 G:\xampp\htdocs\cdms\home\Lib\Action\FoodAction.class.php 第 44 行.
INFO: [ view_parse ] --START--
INFO: ParseTemplate Behavior ::run [ RunTime:0.011390s ]
INFO: [ view_parse ] --END-- [ RunTime:0.011469s ]
INFO: [ view_filter ] --START--
INFO: ContentReplace Behavior ::run [ RunTime:0.000590s ]
INFO: TokenBuild Behavior ::run [ RunTime:0.000540s ]
INFO: WriteHtmlCache Behavior ::run [ RunTime:0.000429s ]
INFO: ShowRuntime Behavior ::run [ RunTime:0.000629s ]
INFO: [ view_filter ] --END-- [ RunTime:0.002347s ]
NOTIC: [2] Cannot modify header information - headers already sent by (output started at G:\xampp\htdocs\cdms\Common\functions.php:97) G:\xampp\htdocs\cdms\Lib\Core\View.class.php 第 95 行.
NOTIC: [2] Cannot modify header information - headers already sent by (output started at G:\xampp\htdocs\cdms\Common\functions.php:97) G:\xampp\htdocs\cdms\Lib\Core\View.class.php 第 96 行.
NOTIC: [2] Cannot modify header information - headers already sent by (output started at G:\xampp\htdocs\cdms\Common\functions.php:97) G:\xampp\htdocs\cdms\Lib\Core\View.class.php 第 97 行.
INFO: [ view_end ] --START--
INFO: ShowPageTrace Behavior ::run [ RunTime:0.000937s ]
INFO: [ view_end ] --END-- [ RunTime:0.001013s ]

[ 2014-03-23T16:22:40+08:00 ] 127.0.0.1 /cdms/index.php/Food/index?food_id=1
INFO: [ route_check ] --START--
INFO: CheckRoute Behavior ::run [ RunTime:0.000819s ]
INFO: [ route_check ] --END-- [ RunTime:0.000879s ]
INFO: [ app_begin ] --START--
INFO: ReadHtmlCache Behavior ::run [ RunTime:0.000514s ]
INFO: [ app_begin ] --END-- [ RunTime:0.000558s ]
SQL: SHOW COLUMNS FROM `think_food` [ RunTime:0.003084s ]
SQL: SHOW COLUMNS FROM `think_user` [ RunTime:0.003095s ]
SQL: SHOW COLUMNS FROM `think_comment` [ RunTime:0.003748s ]
SQL: SELECT * FROM `think_food` WHERE ( `id` = 1 ) LIMIT 1   [ RunTime:0.001009s ]
SQL: SELECT * FROM `think_user` WHERE ( `id` = null ) LIMIT 1   [ RunTime:0.000198s ]
SQL: SELECT * FROM `think_comment` WHERE ( `food_id` = 1 )  [ RunTime:0.001287s ]
SQL: SELECT * FROM `think_user` WHERE ( `id` = 1 ) LIMIT 1   [ RunTime:0.000734s ]
SQL: SELECT * FROM `think_user` WHERE ( `id` = 3 ) LIMIT 1   [ RunTime:0.000320s ]
SQL: SELECT * FROM `think_user` WHERE ( `id` = 3 ) LIMIT 1   [ RunTime:0.000410s ]
SQL: SELECT * FROM `think_user` WHERE ( `id` = 8 ) LIMIT 1   [ RunTime:0.000217s ]
SQL: SELECT * FROM `think_user` WHERE ( `id` = 8 ) LIMIT 1   [ RunTime:0.000160s ]
SQL: SELECT * FROM `think_user` WHERE ( `id` = 8 ) LIMIT 1   [ RunTime:0.000152s ]
SQL: SELECT * FROM `think_user` WHERE ( `id` = 8 ) LIMIT 1   [ RunTime:0.000153s ]
NOTIC: [8] Undefined offset: 7 G:\xampp\htdocs\cdms\home\Lib\Action\FoodAction.class.php 第 44 行.
INFO: [ view_parse ] --START--
INFO: ParseTemplate Behavior ::run [ RunTime:0.009053s ]
INFO: [ view_parse ] --END-- [ RunTime:0.009136s ]
INFO: [ view_filter ] --START--
INFO: ContentReplace Behavior ::run [ RunTime:0.006912s ]
INFO: TokenBuild Behavior ::run [ RunTime:0.001082s ]
INFO: WriteHtmlCache Behavior ::run [ RunTime:0.000374s ]
INFO: ShowRuntime Behavior ::run [ RunTime:0.000461s ]
INFO: [ view_filter ] --END-- [ RunTime:0.009023s ]
NOTIC: [2] Cannot modify header information - headers already sent by (output started at G:\xampp\htdocs\cdms\Common\functions.php:97) G:\xampp\htdocs\cdms\Lib\Core\View.class.php 第 95 行.
NOTIC: [2] Cannot modify header information - headers already sent by (output started at G:\xampp\htdocs\cdms\Common\functions.php:97) G:\xampp\htdocs\cdms\Lib\Core\View.class.php 第 96 行.
NOTIC: [2] Cannot modify header information - headers already sent by (output started at G:\xampp\htdocs\cdms\Common\functions.php:97) G:\xampp\htdocs\cdms\Lib\Core\View.class.php 第 97 行.
INFO: [ view_end ] --START--
INFO: ShowPageTrace Behavior ::run [ RunTime:0.000602s ]
INFO: [ view_end ] --END-- [ RunTime:0.000654s ]

[ 2014-03-23T16:22:40+08:00 ] 127.0.0.1 /cdms/index.php/Food/0
INFO: [ route_check ] --START--
INFO: CheckRoute Behavior ::run [ RunTime:0.001018s ]
INFO: [ route_check ] --END-- [ RunTime:0.001089s ]
INFO: [ app_begin ] --START--
INFO: ReadHtmlCache Behavior ::run [ RunTime:0.000748s ]
INFO: [ app_begin ] --END-- [ RunTime:0.000810s ]
NOTIC: [8] Undefined index: food_id G:\xampp\htdocs\cdms\home\Lib\Action\FoodAction.class.php 第 16 行.
INFO: [ view_parse ] --START--
INFO: ParseTemplate Behavior ::run [ RunTime:0.059687s ]
INFO: [ view_parse ] --END-- [ RunTime:0.059784s ]
INFO: [ view_filter ] --START--
INFO: ContentReplace Behavior ::run [ RunTime:0.000734s ]
INFO: TokenBuild Behavior ::run [ RunTime:0.000675s ]
INFO: WriteHtmlCache Behavior ::run [ RunTime:0.000362s ]
INFO: ShowRuntime Behavior ::run [ RunTime:0.000528s ]
INFO: [ view_filter ] --END-- [ RunTime:0.002454s ]
INFO: [ view_end ] --START--
INFO: ShowPageTrace Behavior ::run [ RunTime:0.000729s ]
INFO: [ view_end ] --END-- [ RunTime:0.000810s ]

[ 2014-03-23T16:22:46+08:00 ] 127.0.0.1 /cdms/index.php/Food/0
INFO: [ route_check ] --START--
INFO: CheckRoute Behavior ::run [ RunTime:0.000743s ]
INFO: [ route_check ] --END-- [ RunTime:0.000815s ]
INFO: [ app_begin ] --START--
INFO: ReadHtmlCache Behavior ::run [ RunTime:0.000521s ]
INFO: [ app_begin ] --END-- [ RunTime:0.000571s ]
NOTIC: [8] Undefined index: food_id G:\xampp\htdocs\cdms\home\Lib\Action\FoodAction.class.php 第 16 行.
INFO: [ view_parse ] --START--
INFO: ParseTemplate Behavior ::run [ RunTime:0.006220s ]
INFO: [ view_parse ] --END-- [ RunTime:0.006289s ]
INFO: [ view_filter ] --START--
INFO: ContentReplace Behavior ::run [ RunTime:0.000817s ]
INFO: TokenBuild Behavior ::run [ RunTime:0.000633s ]
INFO: WriteHtmlCache Behavior ::run [ RunTime:0.000431s ]
INFO: ShowRuntime Behavior ::run [ RunTime:0.000680s ]
INFO: [ view_filter ] --END-- [ RunTime:0.003018s ]
INFO: [ view_end ] --START--
INFO: ShowPageTrace Behavior ::run [ RunTime:0.000850s ]
INFO: [ view_end ] --END-- [ RunTime:0.000922s ]

[ 2014-03-23T16:27:04+08:00 ] 127.0.0.1 /cdms/index.php/Food/index?food_id=1
INFO: [ route_check ] --START--
INFO: CheckRoute Behavior ::run [ RunTime:0.001007s ]
INFO: [ route_check ] --END-- [ RunTime:0.001126s ]
INFO: [ app_begin ] --START--
INFO: ReadHtmlCache Behavior ::run [ RunTime:0.000581s ]
INFO: [ app_begin ] --END-- [ RunTime:0.000638s ]
SQL: SHOW COLUMNS FROM `think_food` [ RunTime:0.007078s ]
SQL: SHOW COLUMNS FROM `think_user` [ RunTime:0.007672s ]
SQL: SHOW COLUMNS FROM `think_comment` [ RunTime:0.005394s ]
SQL: SELECT * FROM `think_food` WHERE ( `id` = 1 ) LIMIT 1   [ RunTime:0.000632s ]
SQL: SELECT * FROM `think_user` WHERE ( `id` = null ) LIMIT 1   [ RunTime:0.000289s ]
SQL: SELECT * FROM `think_comment` WHERE ( `food_id` = 1 )  [ RunTime:0.000388s ]
SQL: SELECT * FROM `think_user` WHERE ( `id` = 1 ) LIMIT 1   [ RunTime:0.000263s ]
SQL: SELECT * FROM `think_user` WHERE ( `id` = 3 ) LIMIT 1   [ RunTime:0.000193s ]
SQL: SELECT * FROM `think_user` WHERE ( `id` = 3 ) LIMIT 1   [ RunTime:0.000181s ]
SQL: SELECT * FROM `think_user` WHERE ( `id` = 8 ) LIMIT 1   [ RunTime:0.000195s ]
SQL: SELECT * FROM `think_user` WHERE ( `id` = 8 ) LIMIT 1   [ RunTime:0.000186s ]
SQL: SELECT * FROM `think_user` WHERE ( `id` = 8 ) LIMIT 1   [ RunTime:0.000265s ]
SQL: SELECT * FROM `think_user` WHERE ( `id` = 8 ) LIMIT 1   [ RunTime:0.000230s ]
NOTIC: [8] Undefined offset: 7 G:\xampp\htdocs\cdms\home\Lib\Action\FoodAction.class.php 第 44 行.
INFO: [ view_parse ] --START--
INFO: ParseTemplate Behavior ::run [ RunTime:0.011840s ]
INFO: [ view_parse ] --END-- [ RunTime:0.011926s ]
INFO: [ view_filter ] --START--
INFO: ContentReplace Behavior ::run [ RunTime:0.000689s ]
INFO: TokenBuild Behavior ::run [ RunTime:0.000585s ]
INFO: WriteHtmlCache Behavior ::run [ RunTime:0.000523s ]
INFO: ShowRuntime Behavior ::run [ RunTime:0.000650s ]
INFO: [ view_filter ] --END-- [ RunTime:0.002610s ]
NOTIC: [2] Cannot modify header information - headers already sent by (output started at G:\xampp\htdocs\cdms\Common\functions.php:97) G:\xampp\htdocs\cdms\Lib\Core\View.class.php 第 95 行.
NOTIC: [2] Cannot modify header information - headers already sent by (output started at G:\xampp\htdocs\cdms\Common\functions.php:97) G:\xampp\htdocs\cdms\Lib\Core\View.class.php 第 96 行.
NOTIC: [2] Cannot modify header information - headers already sent by (output started at G:\xampp\htdocs\cdms\Common\functions.php:97) G:\xampp\htdocs\cdms\Lib\Core\View.class.php 第 97 行.
INFO: [ view_end ] --START--
INFO: ShowPageTrace Behavior ::run [ RunTime:0.001199s ]
INFO: [ view_end ] --END-- [ RunTime:0.001293s ]

[ 2014-03-23T16:27:04+08:00 ] 127.0.0.1 /cdms/index.php/Food/0
INFO: [ route_check ] --START--
INFO: CheckRoute Behavior ::run [ RunTime:0.000736s ]
INFO: [ route_check ] --END-- [ RunTime:0.000800s ]
INFO: [ app_begin ] --START--
INFO: ReadHtmlCache Behavior ::run [ RunTime:0.000505s ]
INFO: [ app_begin ] --END-- [ RunTime:0.000547s ]
NOTIC: [8] Undefined index: food_id G:\xampp\htdocs\cdms\home\Lib\Action\FoodAction.class.php 第 16 行.
INFO: [ view_parse ] --START--
INFO: ParseTemplate Behavior ::run [ RunTime:0.006046s ]
INFO: [ view_parse ] --END-- [ RunTime:0.006156s ]
INFO: [ view_filter ] --START--
INFO: ContentReplace Behavior ::run [ RunTime:0.000490s ]
INFO: TokenBuild Behavior ::run [ RunTime:0.000455s ]
INFO: WriteHtmlCache Behavior ::run [ RunTime:0.000289s ]
INFO: ShowRuntime Behavior ::run [ RunTime:0.000408s ]
INFO: [ view_filter ] --END-- [ RunTime:0.001784s ]
INFO: [ view_end ] --START--
INFO: ShowPageTrace Behavior ::run [ RunTime:0.000526s ]
INFO: [ view_end ] --END-- [ RunTime:0.000573s ]

[ 2014-03-23T16:27:05+08:00 ] 127.0.0.1 /cdms/index.php/Food/0
INFO: [ route_check ] --START--
INFO: CheckRoute Behavior ::run [ RunTime:0.000907s ]
INFO: [ route_check ] --END-- [ RunTime:0.000991s ]
INFO: [ app_begin ] --START--
INFO: ReadHtmlCache Behavior ::run [ RunTime:0.000609s ]
INFO: [ app_begin ] --END-- [ RunTime:0.000666s ]
NOTIC: [8] Undefined index: food_id G:\xampp\htdocs\cdms\home\Lib\Action\FoodAction.class.php 第 16 行.
INFO: [ view_parse ] --START--
INFO: ParseTemplate Behavior ::run [ RunTime:0.011862s ]
INFO: [ view_parse ] --END-- [ RunTime:0.011953s ]
INFO: [ view_filter ] --START--
INFO: ContentReplace Behavior ::run [ RunTime:0.000755s ]
INFO: TokenBuild Behavior ::run [ RunTime:0.001048s ]
INFO: WriteHtmlCache Behavior ::run [ RunTime:0.000428s ]
INFO: ShowRuntime Behavior ::run [ RunTime:0.000746s ]
INFO: [ view_filter ] --END-- [ RunTime:0.003194s ]
INFO: [ view_end ] --START--
INFO: ShowPageTrace Behavior ::run [ RunTime:0.000654s ]
INFO: [ view_end ] --END-- [ RunTime:0.000703s ]

[ 2014-03-23T16:27:28+08:00 ] 127.0.0.1 /cdms/index.php/Food/index?food_id=1
INFO: [ route_check ] --START--
INFO: CheckRoute Behavior ::run [ RunTime:0.000801s ]
INFO: [ route_check ] --END-- [ RunTime:0.000872s ]
INFO: [ app_begin ] --START--
INFO: ReadHtmlCache Behavior ::run [ RunTime:0.000515s ]
INFO: [ app_begin ] --END-- [ RunTime:0.000563s ]
SQL: SHOW COLUMNS FROM `think_food` [ RunTime:0.006953s ]
SQL: SHOW COLUMNS FROM `think_user` [ RunTime:0.007520s ]
SQL: SHOW COLUMNS FROM `think_comment` [ RunTime:0.007470s ]
SQL: SELECT * FROM `think_food` WHERE ( `id` = 1 ) LIMIT 1   [ RunTime:0.004712s ]
SQL: SELECT * FROM `think_user` WHERE ( `id` = null ) LIMIT 1   [ RunTime:0.000319s ]
SQL: SELECT * FROM `think_comment` WHERE ( `food_id` = 1 )  [ RunTime:0.000632s ]
SQL: SELECT * FROM `think_user` WHERE ( `id` = 1 ) LIMIT 1   [ RunTime:0.000326s ]
SQL: SELECT * FROM `think_user` WHERE ( `id` = 3 ) LIMIT 1   [ RunTime:0.000188s ]
SQL: SELECT * FROM `think_user` WHERE ( `id` = 3 ) LIMIT 1   [ RunTime:0.000168s ]
SQL: SELECT * FROM `think_user` WHERE ( `id` = 8 ) LIMIT 1   [ RunTime:0.000223s ]
SQL: SELECT * FROM `think_user` WHERE ( `id` = 8 ) LIMIT 1   [ RunTime:0.000165s ]
SQL: SELECT * FROM `think_user` WHERE ( `id` = 8 ) LIMIT 1   [ RunTime:0.000157s ]
SQL: SELECT * FROM `think_user` WHERE ( `id` = 8 ) LIMIT 1   [ RunTime:0.000191s ]
NOTIC: [8] Undefined offset: 7 G:\xampp\htdocs\cdms\home\Lib\Action\FoodAction.class.php 第 44 行.
INFO: [ view_parse ] --START--
INFO: ParseTemplate Behavior ::run [ RunTime:0.008064s ]
INFO: [ view_parse ] --END-- [ RunTime:0.008144s ]
INFO: [ view_filter ] --START--
INFO: ContentReplace Behavior ::run [ RunTime:0.000543s ]
INFO: TokenBuild Behavior ::run [ RunTime:0.000561s ]
INFO: WriteHtmlCache Behavior ::run [ RunTime:0.000412s ]
INFO: ShowRuntime Behavior ::run [ RunTime:0.000636s ]
INFO: [ view_filter ] --END-- [ RunTime:0.002340s ]
NOTIC: [2] Cannot modify header information - headers already sent by (output started at G:\xampp\htdocs\cdms\Common\functions.php:97) G:\xampp\htdocs\cdms\Lib\Core\View.class.php 第 95 行.
NOTIC: [2] Cannot modify header information - headers already sent by (output started at G:\xampp\htdocs\cdms\Common\functions.php:97) G:\xampp\htdocs\cdms\Lib\Core\View.class.php 第 96 行.
NOTIC: [2] Cannot modify header information - headers already sent by (output started at G:\xampp\htdocs\cdms\Common\functions.php:97) G:\xampp\htdocs\cdms\Lib\Core\View.class.php 第 97 行.
INFO: [ view_end ] --START--
INFO: ShowPageTrace Behavior ::run [ RunTime:0.001006s ]
INFO: [ view_end ] --END-- [ RunTime:0.001111s ]

[ 2014-03-23T16:27:29+08:00 ] 127.0.0.1 /cdms/index.php/Food/0
INFO: [ route_check ] --START--
INFO: CheckRoute Behavior ::run [ RunTime:0.001046s ]
INFO: [ route_check ] --END-- [ RunTime:0.001133s ]
INFO: [ app_begin ] --START--
INFO: ReadHtmlCache Behavior ::run [ RunTime:0.000662s ]
INFO: [ app_begin ] --END-- [ RunTime:0.000727s ]
NOTIC: [8] Undefined index: food_id G:\xampp\htdocs\cdms\home\Lib\Action\FoodAction.class.php 第 16 行.
INFO: [ view_parse ] --START--
INFO: ParseTemplate Behavior ::run [ RunTime:0.006585s ]
INFO: [ view_parse ] --END-- [ RunTime:0.006674s ]
INFO: [ view_filter ] --START--
INFO: ContentReplace Behavior ::run [ RunTime:0.000542s ]
INFO: TokenBuild Behavior ::run [ RunTime:0.000526s ]
INFO: WriteHtmlCache Behavior ::run [ RunTime:0.000397s ]
INFO: ShowRuntime Behavior ::run [ RunTime:0.000512s ]
INFO: [ view_filter ] --END-- [ RunTime:0.002170s ]
INFO: [ view_end ] --START--
INFO: ShowPageTrace Behavior ::run [ RunTime:0.000728s ]
INFO: [ view_end ] --END-- [ RunTime:0.000789s ]

[ 2014-03-23T16:27:29+08:00 ] 127.0.0.1 /cdms/index.php/Food/0
INFO: [ route_check ] --START--
INFO: CheckRoute Behavior ::run [ RunTime:0.000859s ]
INFO: [ route_check ] --END-- [ RunTime:0.000931s ]
INFO: [ app_begin ] --START--
INFO: ReadHtmlCache Behavior ::run [ RunTime:0.000450s ]
INFO: [ app_begin ] --END-- [ RunTime:0.000489s ]
NOTIC: [8] Undefined index: food_id G:\xampp\htdocs\cdms\home\Lib\Action\FoodAction.class.php 第 16 行.
INFO: [ view_parse ] --START--
INFO: ParseTemplate Behavior ::run [ RunTime:0.006478s ]
INFO: [ view_parse ] --END-- [ RunTime:0.006583s ]
INFO: [ view_filter ] --START--
INFO: ContentReplace Behavior ::run [ RunTime:0.000913s ]
INFO: TokenBuild Behavior ::run [ RunTime:0.000844s ]
INFO: WriteHtmlCache Behavior ::run [ RunTime:0.000312s ]
INFO: ShowRuntime Behavior ::run [ RunTime:0.000459s ]
INFO: [ view_filter ] --END-- [ RunTime:0.002734s ]
INFO: [ view_end ] --START--
INFO: ShowPageTrace Behavior ::run [ RunTime:0.000730s ]
INFO: [ view_end ] --END-- [ RunTime:0.000780s ]

